<?xml version="1.0" encoding="UTF-8"?>
<testsuite xmlns:xsi="http://www.w3.org/2001/XMLSchema-instance" xsi:noNamespaceSchemaLocation="https://maven.apache.org/surefire/maven-surefire-plugin/xsd/surefire-test-report-3.0.xsd" version="3.0" name="com.clinalert.doctortracker.controller.AuthControllerTest" time="1.881" tests="6" errors="0" skipped="0" failures="0">
  <properties>
[...]
</properties>
  <testcase name="getCurrentUser_NotAuthenticated_ShouldReturn401" classname="com.clinalert.doctortracker.controller.AuthControllerTest" time="0.01">
    <system-out><![CDATA[2025-12-25T18:44:18.786+01:00  INFO 16528 --- [           main] t.c.s.AnnotationConfigContextLoaderUtils : Could not detect default configuration classes for test class [com.clinalert.doctortracker.controller.AuthControllerTest]: AuthControllerTest does not declare any static, non-private, non-final, nested classes annotated with @Configuration.
2025-12-25T18:44:18.789+01:00  INFO 16528 --- [           main] .b.t.c.SpringBootTestContextBootstrapper : Found @SpringBootConfiguration com.clinalert.doctortracker.DoctorTrackerApplication for test class com.clinalert.doctortracker.controller.AuthControllerTest

  .   ____          _            __ _ _
 /\\ / ___'_ __ _ _(_)_ __  __ _ \ \ \ \
( ( )\___ | '_ | '_| | '_ \/ _` | \ \ \ \
 \\/  ___)| |_)| | | | | || (_| |  ) ) ) )
  '  |____| .__|_| |_|_| |_\__, | / / / /
 =========|_|==============|___/=/_/_/_/
 :: Spring Boot ::                (v3.2.0)

2025-12-25T18:44:18.838+01:00  INFO 16528 --- [           main] c.c.d.controller.AuthControllerTest      : Starting AuthControllerTest using Java 17.0.12 with PID 16528 (started by Imad ADAOUMOUM in C:\Users\Imad ADAOUMOUM\Documents\salahproj\Projet_Clinalert\backend\doctortracker-backend)
2025-12-25T18:44:18.838+01:00 DEBUG 16528 --- [           main] c.c.d.controller.AuthControllerTest      : Running with Spring Boot v3.2.0, Spring v6.1.1
2025-12-25T18:44:18.838+01:00  INFO 16528 --- [           main] c.c.d.controller.AuthControllerTest      : No active profile set, falling back to 1 default profile: "default"
2025-12-25T18:44:19.136+01:00  INFO 16528 --- [           main] .s.d.r.c.RepositoryConfigurationDelegate : Bootstrapping Spring Data JPA repositories in DEFAULT mode.
2025-12-25T18:44:19.171+01:00  INFO 16528 --- [           main] .s.d.r.c.RepositoryConfigurationDelegate : Finished Spring Data repository scanning in 35 ms. Found 9 JPA repository interfaces.
2025-12-25T18:44:19.441+01:00  INFO 16528 --- [           main] o.hibernate.jpa.internal.util.LogHelper  : HHH000204: Processing PersistenceUnitInfo [name: default]
2025-12-25T18:44:19.449+01:00  INFO 16528 --- [           main] o.h.c.internal.RegionFactoryInitiator    : HHH000026: Second-level cache disabled
2025-12-25T18:44:19.474+01:00  INFO 16528 --- [           main] o.s.o.j.p.SpringPersistenceUnitInfo      : No LoadTimeWeaver setup: ignoring JPA class transformer
2025-12-25T18:44:19.477+01:00  INFO 16528 --- [           main] com.zaxxer.hikari.HikariDataSource       : HikariPool-2 - Starting...
2025-12-25T18:44:19.479+01:00  INFO 16528 --- [           main] com.zaxxer.hikari.pool.HikariPool        : HikariPool-2 - Added connection conn10: url=jdbc:h2:mem:testdb user=SA
2025-12-25T18:44:19.480+01:00  INFO 16528 --- [           main] com.zaxxer.hikari.HikariDataSource       : HikariPool-2 - Start completed.
2025-12-25T18:44:19.481+01:00  WARN 16528 --- [           main] org.hibernate.orm.deprecation            : HHH90000025: H2Dialect does not need to be specified explicitly using 'hibernate.dialect' (remove the property setting and it will be selected by default)
2025-12-25T18:44:19.682+01:00  INFO 16528 --- [           main] o.h.e.t.j.p.i.JtaPlatformInitiator       : HHH000489: No JTA platform available (set 'hibernate.transaction.jta.platform' to enable JTA platform integration)
2025-12-25T18:44:19.683+01:00 DEBUG 16528 --- [           main] org.hibernate.SQL                        : 
    drop table if exists alerts cascade 
Hibernate: 
    drop table if exists alerts cascade 
2025-12-25T18:44:19.685+01:00 DEBUG 16528 --- [           main] org.hibernate.SQL                        : 
    drop table if exists clinics cascade 
Hibernate: 
    drop table if exists clinics cascade 
2025-12-25T18:44:19.686+01:00 DEBUG 16528 --- [           main] org.hibernate.SQL                        : 
    drop table if exists daily_health_summaries cascade 
Hibernate: 
    drop table if exists daily_health_summaries cascade 
2025-12-25T18:44:19.687+01:00 DEBUG 16528 --- [           main] org.hibernate.SQL                        : 
    drop table if exists doctors cascade 
Hibernate: 
    drop table if exists doctors cascade 
2025-12-25T18:44:19.687+01:00 DEBUG 16528 --- [           main] org.hibernate.SQL                        : 
    drop table if exists health_data cascade 
Hibernate: 
    drop table if exists health_data cascade 
2025-12-25T18:44:19.688+01:00 DEBUG 16528 --- [           main] org.hibernate.SQL                        : 
    drop table if exists measurements cascade 
Hibernate: 
    drop table if exists measurements cascade 
2025-12-25T18:44:19.689+01:00 DEBUG 16528 --- [           main] org.hibernate.SQL                        : 
    drop table if exists patients cascade 
Hibernate: 
    drop table if exists patients cascade 
2025-12-25T18:44:19.689+01:00 DEBUG 16528 --- [           main] org.hibernate.SQL                        : 
    drop table if exists smartwatch_devices cascade 
Hibernate: 
    drop table if exists smartwatch_devices cascade 
2025-12-25T18:44:19.690+01:00 DEBUG 16528 --- [           main] org.hibernate.SQL                        : 
    drop table if exists users cascade 
Hibernate: 
    drop table if exists users cascade 
2025-12-25T18:44:19.691+01:00 DEBUG 16528 --- [           main] org.hibernate.SQL                        : 
    create table alerts (
        is_read boolean not null,
        timestamp timestamp(6),
        id varchar(255) not null,
        measurement_id varchar(255),
        message varchar(255),
        patient_id varchar(255),
        severity varchar(255),
        primary key (id)
    )
Hibernate: 
    create table alerts (
        is_read boolean not null,
        timestamp timestamp(6),
        id varchar(255) not null,
        measurement_id varchar(255),
        message varchar(255),
        patient_id varchar(255),
        severity varchar(255),
        primary key (id)
    )
2025-12-25T18:44:19.693+01:00 DEBUG 16528 --- [           main] org.hibernate.SQL                        : 
    create table clinics (
        address varchar(255),
        doctor_id varchar(255),
        id varchar(255) not null,
        name varchar(255) not null,
        phone varchar(255),
        primary key (id)
    )
Hibernate: 
    create table clinics (
        address varchar(255),
        doctor_id varchar(255),
        id varchar(255) not null,
        name varchar(255) not null,
        phone varchar(255),
        primary key (id)
    )
2025-12-25T18:44:19.695+01:00 DEBUG 16528 --- [           main] org.hibernate.SQL                        : 
    create table daily_health_summaries (
        active_minutes integer,
        avg_diastolic float(53),
        avg_heart_rate float(53),
        avg_spo2 float(53),
        avg_systolic float(53),
        avg_temperature float(53),
        data_points_count integer,
        deep_sleep_minutes integer,
        light_sleep_minutes integer,
        max_heart_rate integer,
        min_heart_rate integer,
        min_spo2 float(53),
        rem_sleep_minutes integer,
        resting_heart_rate integer,
        summary_date date not null,
        total_calories_burned integer,
        total_distance_meters float(53),
        total_sleep_minutes integer,
        total_steps integer,
        created_at timestamp(6),
        updated_at timestamp(6),
        id varchar(255) not null,
        patient_id varchar(255) not null,
        primary key (id),
        unique (patient_id, summary_date)
    )
Hibernate: 
    create table daily_health_summaries (
        active_minutes integer,
        avg_diastolic float(53),
        avg_heart_rate float(53),
        avg_spo2 float(53),
        avg_systolic float(53),
        avg_temperature float(53),
        data_points_count integer,
        deep_sleep_minutes integer,
        light_sleep_minutes integer,
        max_heart_rate integer,
        min_heart_rate integer,
        min_spo2 float(53),
        rem_sleep_minutes integer,
        resting_heart_rate integer,
        summary_date date not null,
        total_calories_burned integer,
        total_distance_meters float(53),
        total_sleep_minutes integer,
        total_steps integer,
        created_at timestamp(6),
        updated_at timestamp(6),
        id varchar(255) not null,
        patient_id varchar(255) not null,
        primary key (id),
        unique (patient_id, summary_date)
    )
2025-12-25T18:44:19.697+01:00 DEBUG 16528 --- [           main] org.hibernate.SQL                        : 
    create table doctors (
        email varchar(255),
        id varchar(255) not null,
        name varchar(255),
        phone_number varchar(255),
        specialty varchar(255),
        primary key (id)
    )
Hibernate: 
    create table doctors (
        email varchar(255),
        id varchar(255) not null,
        name varchar(255),
        phone_number varchar(255),
        specialty varchar(255),
        primary key (id)
    )
2025-12-25T18:44:19.697+01:00 DEBUG 16528 --- [           main] org.hibernate.SQL                        : 
    create table health_data (
        blood_pressure_diastolic integer,
        blood_pressure_systolic integer,
        calories_burned integer,
        distance_meters float(53),
        heart_rate integer,
        sleep_minutes integer,
        spo2 float(53),
        steps integer,
        temperature float(53),
        received_at timestamp(6),
        timestamp timestamp(6) not null,
        device_id varchar(255),
        id varchar(255) not null,
        patient_id varchar(255) not null,
        source varchar(255),
        primary key (id)
    )
Hibernate: 
    create table health_data (
        blood_pressure_diastolic integer,
        blood_pressure_systolic integer,
        calories_burned integer,
        distance_meters float(53),
        heart_rate integer,
        sleep_minutes integer,
        spo2 float(53),
        steps integer,
        temperature float(53),
        received_at timestamp(6),
        timestamp timestamp(6) not null,
        device_id varchar(255),
        id varchar(255) not null,
        patient_id varchar(255) not null,
        source varchar(255),
        primary key (id)
    )
2025-12-25T18:44:19.699+01:00 DEBUG 16528 --- [           main] org.hibernate.SQL                        : 
    create table measurements (
        measurement_value float(53),
        received_at timestamp(6),
        timestamp timestamp(6),
        consent_id varchar(255),
        device_id varchar(255),
        id varchar(255) not null,
        patient_id varchar(255),
        type varchar(255),
        primary key (id)
    )
Hibernate: 
    create table measurements (
        measurement_value float(53),
        received_at timestamp(6),
        timestamp timestamp(6),
        consent_id varchar(255),
        device_id varchar(255),
        id varchar(255) not null,
        patient_id varchar(255),
        type varchar(255),
        primary key (id)
    )
2025-12-25T18:44:19.700+01:00 DEBUG 16528 --- [           main] org.hibernate.SQL                        : 
    create table patients (
        age integer,
        clinic_id varchar(255),
        doctor_id varchar(255),
        gender varchar(255),
        id varchar(255) not null,
        name varchar(255),
        status varchar(255),
        primary key (id)
    )
Hibernate: 
    create table patients (
        age integer,
        clinic_id varchar(255),
        doctor_id varchar(255),
        gender varchar(255),
        id varchar(255) not null,
        name varchar(255),
        status varchar(255),
        primary key (id)
    )
2025-12-25T18:44:19.700+01:00 DEBUG 16528 --- [           main] org.hibernate.SQL                        : 
    create table smartwatch_devices (
        is_active boolean,
        created_at timestamp(6),
        last_connected timestamp(6),
        device_address varchar(255) not null,
        device_name varchar(255),
        device_type varchar(255),
        id varchar(255) not null,
        patient_id varchar(255) not null,
        primary key (id)
    )
Hibernate: 
    create table smartwatch_devices (
        is_active boolean,
        created_at timestamp(6),
        last_connected timestamp(6),
        device_address varchar(255) not null,
        device_name varchar(255),
        device_type varchar(255),
        id varchar(255) not null,
        patient_id varchar(255) not null,
        primary key (id)
    )
2025-12-25T18:44:19.702+01:00 DEBUG 16528 --- [           main] org.hibernate.SQL                        : 
    create table users (
        enabled boolean not null,
        created_at timestamp(6) not null,
        updated_at timestamp(6),
        email varchar(255) not null unique,
        first_name varchar(255),
        id varchar(255) not null,
        last_name varchar(255),
        password varchar(255) not null,
        phone varchar(255),
        role varchar(255) not null check (role in ('ADMIN','DOCTOR','NURSE','PATIENT')),
        primary key (id)
    )
Hibernate: 
    create table users (
        enabled boolean not null,
        created_at timestamp(6) not null,
        updated_at timestamp(6),
        email varchar(255) not null unique,
        first_name varchar(255),
        id varchar(255) not null,
        last_name varchar(255),
        password varchar(255) not null,
        phone varchar(255),
        role varchar(255) not null check (role in ('ADMIN','DOCTOR','NURSE','PATIENT')),
        primary key (id)
    )
2025-12-25T18:44:19.704+01:00  INFO 16528 --- [           main] j.LocalContainerEntityManagerFactoryBean : Initialized JPA EntityManagerFactory for persistence unit 'default'
2025-12-25T18:44:20.047+01:00  WARN 16528 --- [           main] JpaBaseConfiguration$JpaWebConfiguration : spring.jpa.open-in-view is enabled by default. Therefore, database queries may be performed during view rendering. Explicitly configure spring.jpa.open-in-view to disable this warning
2025-12-25T18:44:20.137+01:00  INFO 16528 --- [           main] o.s.s.web.DefaultSecurityFilterChain     : Will secure any request with [org.springframework.security.web.session.DisableEncodeUrlFilter@485d6a85, org.springframework.security.web.context.request.async.WebAsyncManagerIntegrationFilter@29395ae2, org.springframework.security.web.context.SecurityContextHolderFilter@3bb492f5, org.springframework.security.web.header.HeaderWriterFilter@eac5710, org.springframework.web.filter.CorsFilter@6f1ee337, org.springframework.security.web.authentication.logout.LogoutFilter@7ce3acc0, com.clinalert.doctortracker.security.JwtAuthenticationFilter@4c7e0634, org.springframework.security.web.savedrequest.RequestCacheAwareFilter@78246a11, org.springframework.security.web.servletapi.SecurityContextHolderAwareRequestFilter@145ca6d2, org.springframework.security.web.authentication.AnonymousAuthenticationFilter@2c9399b, org.springframework.security.web.session.SessionManagementFilter@13ec954, org.springframework.security.web.access.ExceptionTranslationFilter@7536dcbe, org.springframework.security.web.access.intercept.AuthorizationFilter@56576db2]
2025-12-25T18:44:20.228+01:00 DEBUG 16528 --- [           main] c.c.d.security.JwtAuthenticationFilter   : Filter 'jwtAuthenticationFilter' configured for use
2025-12-25T18:44:20.228+01:00  INFO 16528 --- [           main] o.s.b.t.m.w.SpringBootMockServletContext : Initializing Spring TestDispatcherServlet ''
2025-12-25T18:44:20.228+01:00  INFO 16528 --- [           main] o.s.t.web.servlet.TestDispatcherServlet  : Initializing Servlet ''
2025-12-25T18:44:20.228+01:00  INFO 16528 --- [           main] o.s.t.web.servlet.TestDispatcherServlet  : Completed initialization in 0 ms
2025-12-25T18:44:20.234+01:00  INFO 16528 --- [           main] c.c.d.controller.AuthControllerTest      : Started AuthControllerTest in 1.439 seconds (process running for 12.94)
2025-12-25T18:44:20.236+01:00  INFO 16528 --- [           main] c.c.doctortracker.util.AuthDataSeeder    : Checking authentication seed data...
2025-12-25T18:44:20.239+01:00 DEBUG 16528 --- [           main] org.hibernate.SQL                        : 
    select
        u1_0.id,
        u1_0.created_at,
        u1_0.email,
        u1_0.enabled,
        u1_0.first_name,
        u1_0.last_name,
        u1_0.password,
        u1_0.phone,
        u1_0.role,
        u1_0.updated_at 
    from
        users u1_0 
    where
        u1_0.email=?
Hibernate: 
    select
        u1_0.id,
        u1_0.created_at,
        u1_0.email,
        u1_0.enabled,
        u1_0.first_name,
        u1_0.last_name,
        u1_0.password,
        u1_0.phone,
        u1_0.role,
        u1_0.updated_at 
    from
        users u1_0 
    where
        u1_0.email=?
2025-12-25T18:44:20.304+01:00 DEBUG 16528 --- [           main] org.hibernate.SQL                        : 
    insert 
    into
        users
        (created_at, email, enabled, first_name, last_name, password, phone, role, updated_at, id) 
    values
        (?, ?, ?, ?, ?, ?, ?, ?, ?, ?)
Hibernate: 
    insert 
    into
        users
        (created_at, email, enabled, first_name, last_name, password, phone, role, updated_at, id) 
    values
        (?, ?, ?, ?, ?, ?, ?, ?, ?, ?)
2025-12-25T18:44:20.308+01:00  INFO 16528 --- [           main] c.c.doctortracker.util.AuthDataSeeder    : Created user: admin@clinalert.com / [PROTECTED]
2025-12-25T18:44:20.311+01:00 DEBUG 16528 --- [           main] org.hibernate.SQL                        : 
    select
        u1_0.id,
        u1_0.created_at,
        u1_0.email,
        u1_0.enabled,
        u1_0.first_name,
        u1_0.last_name,
        u1_0.password,
        u1_0.phone,
        u1_0.role,
        u1_0.updated_at 
    from
        users u1_0 
    where
        u1_0.email=?
Hibernate: 
    select
        u1_0.id,
        u1_0.created_at,
        u1_0.email,
        u1_0.enabled,
        u1_0.first_name,
        u1_0.last_name,
        u1_0.password,
        u1_0.phone,
        u1_0.role,
        u1_0.updated_at 
    from
        users u1_0 
    where
        u1_0.email=?
2025-12-25T18:44:20.371+01:00 DEBUG 16528 --- [           main] org.hibernate.SQL                        : 
    insert 
    into
        users
        (created_at, email, enabled, first_name, last_name, password, phone, role, updated_at, id) 
    values
        (?, ?, ?, ?, ?, ?, ?, ?, ?, ?)
Hibernate: 
    insert 
    into
        users
        (created_at, email, enabled, first_name, last_name, password, phone, role, updated_at, id) 
    values
        (?, ?, ?, ?, ?, ?, ?, ?, ?, ?)
2025-12-25T18:44:20.373+01:00  INFO 16528 --- [           main] c.c.doctortracker.util.AuthDataSeeder    : Created user: house@clinalert.com / [PROTECTED]
2025-12-25T18:44:20.374+01:00 DEBUG 16528 --- [           main] org.hibernate.SQL                        : 
    select
        u1_0.id,
        u1_0.created_at,
        u1_0.email,
        u1_0.enabled,
        u1_0.first_name,
        u1_0.last_name,
        u1_0.password,
        u1_0.phone,
        u1_0.role,
        u1_0.updated_at 
    from
        users u1_0 
    where
        u1_0.email=?
Hibernate: 
    select
        u1_0.id,
        u1_0.created_at,
        u1_0.email,
        u1_0.enabled,
        u1_0.first_name,
        u1_0.last_name,
        u1_0.password,
        u1_0.phone,
        u1_0.role,
        u1_0.updated_at 
    from
        users u1_0 
    where
        u1_0.email=?
2025-12-25T18:44:20.433+01:00 DEBUG 16528 --- [           main] org.hibernate.SQL                        : 
    insert 
    into
        users
        (created_at, email, enabled, first_name, last_name, password, phone, role, updated_at, id) 
    values
        (?, ?, ?, ?, ?, ?, ?, ?, ?, ?)
Hibernate: 
    insert 
    into
        users
        (created_at, email, enabled, first_name, last_name, password, phone, role, updated_at, id) 
    values
        (?, ?, ?, ?, ?, ?, ?, ?, ?, ?)
2025-12-25T18:44:20.434+01:00  INFO 16528 --- [           main] c.c.doctortracker.util.AuthDataSeeder    : Created user: cameron@clinalert.com / [PROTECTED]
2025-12-25T18:44:20.436+01:00 DEBUG 16528 --- [           main] org.hibernate.SQL                        : 
    select
        u1_0.id,
        u1_0.created_at,
        u1_0.email,
        u1_0.enabled,
        u1_0.first_name,
        u1_0.last_name,
        u1_0.password,
        u1_0.phone,
        u1_0.role,
        u1_0.updated_at 
    from
        users u1_0 
    where
        u1_0.email=?
Hibernate: 
    select
        u1_0.id,
        u1_0.created_at,
        u1_0.email,
        u1_0.enabled,
        u1_0.first_name,
        u1_0.last_name,
        u1_0.password,
        u1_0.phone,
        u1_0.role,
        u1_0.updated_at 
    from
        users u1_0 
    where
        u1_0.email=?
2025-12-25T18:44:20.493+01:00 DEBUG 16528 --- [           main] org.hibernate.SQL                        : 
    insert 
    into
        users
        (created_at, email, enabled, first_name, last_name, password, phone, role, updated_at, id) 
    values
        (?, ?, ?, ?, ?, ?, ?, ?, ?, ?)
Hibernate: 
    insert 
    into
        users
        (created_at, email, enabled, first_name, last_name, password, phone, role, updated_at, id) 
    values
        (?, ?, ?, ?, ?, ?, ?, ?, ?, ?)
2025-12-25T18:44:20.494+01:00  INFO 16528 --- [           main] c.c.doctortracker.util.AuthDataSeeder    : Created user: john.doe@clinalert.com / [PROTECTED]
2025-12-25T18:44:20.496+01:00 DEBUG 16528 --- [           main] org.hibernate.SQL                        : 
    select
        u1_0.id,
        u1_0.created_at,
        u1_0.email,
        u1_0.enabled,
        u1_0.first_name,
        u1_0.last_name,
        u1_0.password,
        u1_0.phone,
        u1_0.role,
        u1_0.updated_at 
    from
        users u1_0 
    where
        u1_0.email=?
Hibernate: 
    select
        u1_0.id,
        u1_0.created_at,
        u1_0.email,
        u1_0.enabled,
        u1_0.first_name,
        u1_0.last_name,
        u1_0.password,
        u1_0.phone,
        u1_0.role,
        u1_0.updated_at 
    from
        users u1_0 
    where
        u1_0.email=?
2025-12-25T18:44:20.555+01:00 DEBUG 16528 --- [           main] org.hibernate.SQL                        : 
    insert 
    into
        users
        (created_at, email, enabled, first_name, last_name, password, phone, role, updated_at, id) 
    values
        (?, ?, ?, ?, ?, ?, ?, ?, ?, ?)
Hibernate: 
    insert 
    into
        users
        (created_at, email, enabled, first_name, last_name, password, phone, role, updated_at, id) 
    values
        (?, ?, ?, ?, ?, ?, ?, ?, ?, ?)
2025-12-25T18:44:20.557+01:00  INFO 16528 --- [           main] c.c.doctortracker.util.AuthDataSeeder    : Created user: luc.moreau@clinalert.com / [PROTECTED]
2025-12-25T18:44:20.557+01:00  INFO 16528 --- [           main] c.c.doctortracker.util.AuthDataSeeder    : Auth seed data check completed!
2025-12-25T18:44:20.562+01:00 DEBUG 16528 --- [           main] o.s.security.web.FilterChainProxy        : Securing GET /api/auth/me
2025-12-25T18:44:20.562+01:00 DEBUG 16528 --- [           main] o.s.s.w.a.AnonymousAuthenticationFilter  : Set SecurityContextHolder to anonymous SecurityContext
2025-12-25T18:44:20.563+01:00 DEBUG 16528 --- [           main] o.s.security.web.FilterChainProxy        : Secured GET /api/auth/me
]]></system-out>
  </testcase>
  <testcase name="getCurrentUser_Authenticated_ShouldReturnUser" classname="com.clinalert.doctortracker.controller.AuthControllerTest" time="0.012">
    <system-out><![CDATA[2025-12-25T18:44:20.572+01:00 DEBUG 16528 --- [           main] o.s.security.web.FilterChainProxy        : Securing GET /api/auth/me
2025-12-25T18:44:20.573+01:00 DEBUG 16528 --- [           main] o.s.s.w.a.AnonymousAuthenticationFilter  : Set SecurityContextHolder to anonymous SecurityContext
2025-12-25T18:44:20.573+01:00 DEBUG 16528 --- [           main] o.s.security.web.FilterChainProxy        : Secured GET /api/auth/me
]]></system-out>
  </testcase>
  <testcase name="login_InvalidCredentials_ShouldReturnBadRequest" classname="com.clinalert.doctortracker.controller.AuthControllerTest" time="0.046">
    <system-out><![CDATA[2025-12-25T18:44:20.590+01:00 DEBUG 16528 --- [           main] o.s.security.web.FilterChainProxy        : Securing POST /api/auth/login
2025-12-25T18:44:20.590+01:00 DEBUG 16528 --- [           main] o.s.s.w.a.AnonymousAuthenticationFilter  : Set SecurityContextHolder to anonymous SecurityContext
2025-12-25T18:44:20.591+01:00 DEBUG 16528 --- [           main] o.s.security.web.FilterChainProxy        : Secured POST /api/auth/login
2025-12-25T18:44:20.627+01:00  INFO 16528 --- [           main] c.c.d.controller.AuthController          : === CONTROLLER: LOGIN ENDPOINT HIT ===
2025-12-25T18:44:20.627+01:00  INFO 16528 --- [           main] c.c.d.controller.AuthController          : Request email: bad@test.com
2025-12-25T18:44:20.627+01:00 ERROR 16528 --- [           main] c.c.d.controller.AuthController          : === LOGIN ERROR: Invalid ===
]]></system-out>
  </testcase>
  <testcase name="login_ValidCredentials_ShouldReturnToken" classname="com.clinalert.doctortracker.controller.AuthControllerTest" time="0.008">
    <system-out><![CDATA[2025-12-25T18:44:20.633+01:00 DEBUG 16528 --- [           main] o.s.security.web.FilterChainProxy        : Securing POST /api/auth/login
2025-12-25T18:44:20.634+01:00 DEBUG 16528 --- [           main] o.s.s.w.a.AnonymousAuthenticationFilter  : Set SecurityContextHolder to anonymous SecurityContext
2025-12-25T18:44:20.634+01:00 DEBUG 16528 --- [           main] o.s.security.web.FilterChainProxy        : Secured POST /api/auth/login
2025-12-25T18:44:20.635+01:00  INFO 16528 --- [           main] c.c.d.controller.AuthController          : === CONTROLLER: LOGIN ENDPOINT HIT ===
2025-12-25T18:44:20.635+01:00  INFO 16528 --- [           main] c.c.d.controller.AuthController          : Request email: test@test.com
2025-12-25T18:44:20.635+01:00  INFO 16528 --- [           main] c.c.d.controller.AuthController          : === LOGIN SUCCESS ===
]]></system-out>
  </testcase>
  <testcase name="register_Error_ShouldReturnBadRequest" classname="com.clinalert.doctortracker.controller.AuthControllerTest" time="0.018">
    <system-out><![CDATA[2025-12-25T18:44:20.643+01:00 DEBUG 16528 --- [           main] o.s.security.web.FilterChainProxy        : Securing POST /api/auth/register
2025-12-25T18:44:20.643+01:00 DEBUG 16528 --- [           main] o.s.s.w.a.AnonymousAuthenticationFilter  : Set SecurityContextHolder to anonymous SecurityContext
2025-12-25T18:44:20.643+01:00 DEBUG 16528 --- [           main] o.s.security.web.FilterChainProxy        : Secured POST /api/auth/register
]]></system-out>
  </testcase>
  <testcase name="register_ValidData_ShouldReturnToken" classname="com.clinalert.doctortracker.controller.AuthControllerTest" time="0.006">
    <system-out><![CDATA[2025-12-25T18:44:20.661+01:00 DEBUG 16528 --- [           main] o.s.security.web.FilterChainProxy        : Securing POST /api/auth/register
2025-12-25T18:44:20.661+01:00 DEBUG 16528 --- [           main] o.s.s.w.a.AnonymousAuthenticationFilter  : Set SecurityContextHolder to anonymous SecurityContext
2025-12-25T18:44:20.661+01:00 DEBUG 16528 --- [           main] o.s.security.web.FilterChainProxy        : Secured POST /api/auth/register
]]></system-out>
  </testcase>
</testsuite>