<?xml version="1.0" encoding="UTF-8"?>
<testsuite xmlns:xsi="http://www.w3.org/2001/XMLSchema-instance" xsi:noNamespaceSchemaLocation="https://maven.apache.org/surefire/maven-surefire-plugin/xsd/surefire-test-report-3.0.xsd" version="3.0" name="com.clinalert.doctortracker.controller.SmartWatchControllerTest" time="1.177" tests="17" errors="0" skipped="0" failures="0">
  <properties>
[...]
</properties>
  <testcase name="deactivateDevice_ShouldUpdateStatus" classname="com.clinalert.doctortracker.controller.SmartWatchControllerTest" time="0.013">
    <system-out><![CDATA[2025-12-25T18:44:26.973+01:00  INFO 16528 --- [           main] t.c.s.AnnotationConfigContextLoaderUtils : Could not detect default configuration classes for test class [com.clinalert.doctortracker.controller.SmartWatchControllerTest]: SmartWatchControllerTest does not declare any static, non-private, non-final, nested classes annotated with @Configuration.
2025-12-25T18:44:26.975+01:00  INFO 16528 --- [           main] .b.t.c.SpringBootTestContextBootstrapper : Found @SpringBootConfiguration com.clinalert.doctortracker.DoctorTrackerApplication for test class com.clinalert.doctortracker.controller.SmartWatchControllerTest

  .   ____          _            __ _ _
 /\\ / ___'_ __ _ _(_)_ __  __ _ \ \ \ \
( ( )\___ | '_ | '_| | '_ \/ _` | \ \ \ \
 \\/  ___)| |_)| | | | | || (_| |  ) ) ) )
  '  |____| .__|_| |_|_| |_\__, | / / / /
 =========|_|==============|___/=/_/_/_/
 :: Spring Boot ::                (v3.2.0)

2025-12-25T18:44:26.993+01:00  INFO 16528 --- [           main] c.c.d.c.SmartWatchControllerTest         : Starting SmartWatchControllerTest using Java 17.0.12 with PID 16528 (started by Imad ADAOUMOUM in C:\Users\Imad ADAOUMOUM\Documents\salahproj\Projet_Clinalert\backend\doctortracker-backend)
2025-12-25T18:44:26.993+01:00 DEBUG 16528 --- [           main] c.c.d.c.SmartWatchControllerTest         : Running with Spring Boot v3.2.0, Spring v6.1.1
2025-12-25T18:44:26.993+01:00  INFO 16528 --- [           main] c.c.d.c.SmartWatchControllerTest         : No active profile set, falling back to 1 default profile: "default"
2025-12-25T18:44:27.117+01:00  INFO 16528 --- [           main] .s.d.r.c.RepositoryConfigurationDelegate : Bootstrapping Spring Data JPA repositories in DEFAULT mode.
2025-12-25T18:44:27.136+01:00  INFO 16528 --- [           main] .s.d.r.c.RepositoryConfigurationDelegate : Finished Spring Data repository scanning in 18 ms. Found 9 JPA repository interfaces.
2025-12-25T18:44:27.333+01:00  INFO 16528 --- [           main] o.hibernate.jpa.internal.util.LogHelper  : HHH000204: Processing PersistenceUnitInfo [name: default]
2025-12-25T18:44:27.337+01:00  INFO 16528 --- [           main] o.h.c.internal.RegionFactoryInitiator    : HHH000026: Second-level cache disabled
2025-12-25T18:44:27.341+01:00  INFO 16528 --- [           main] o.s.o.j.p.SpringPersistenceUnitInfo      : No LoadTimeWeaver setup: ignoring JPA class transformer
2025-12-25T18:44:27.342+01:00  INFO 16528 --- [           main] com.zaxxer.hikari.HikariDataSource       : HikariPool-8 - Starting...
2025-12-25T18:44:27.343+01:00  INFO 16528 --- [           main] com.zaxxer.hikari.pool.HikariPool        : HikariPool-8 - Added connection conn70: url=jdbc:h2:mem:testdb user=SA
2025-12-25T18:44:27.343+01:00  INFO 16528 --- [           main] com.zaxxer.hikari.HikariDataSource       : HikariPool-8 - Start completed.
2025-12-25T18:44:27.344+01:00  WARN 16528 --- [           main] org.hibernate.orm.deprecation            : HHH90000025: H2Dialect does not need to be specified explicitly using 'hibernate.dialect' (remove the property setting and it will be selected by default)
2025-12-25T18:44:27.450+01:00  INFO 16528 --- [           main] o.h.e.t.j.p.i.JtaPlatformInitiator       : HHH000489: No JTA platform available (set 'hibernate.transaction.jta.platform' to enable JTA platform integration)
2025-12-25T18:44:27.451+01:00 DEBUG 16528 --- [           main] org.hibernate.SQL                        : 
    drop table if exists alerts cascade 
Hibernate: 
    drop table if exists alerts cascade 
2025-12-25T18:44:27.451+01:00 DEBUG 16528 --- [           main] org.hibernate.SQL                        : 
    drop table if exists clinics cascade 
Hibernate: 
    drop table if exists clinics cascade 
2025-12-25T18:44:27.452+01:00 DEBUG 16528 --- [           main] org.hibernate.SQL                        : 
    drop table if exists daily_health_summaries cascade 
Hibernate: 
    drop table if exists daily_health_summaries cascade 
2025-12-25T18:44:27.452+01:00 DEBUG 16528 --- [           main] org.hibernate.SQL                        : 
    drop table if exists doctors cascade 
Hibernate: 
    drop table if exists doctors cascade 
2025-12-25T18:44:27.453+01:00 DEBUG 16528 --- [           main] org.hibernate.SQL                        : 
    drop table if exists health_data cascade 
Hibernate: 
    drop table if exists health_data cascade 
2025-12-25T18:44:27.454+01:00 DEBUG 16528 --- [           main] org.hibernate.SQL                        : 
    drop table if exists measurements cascade 
Hibernate: 
    drop table if exists measurements cascade 
2025-12-25T18:44:27.454+01:00 DEBUG 16528 --- [           main] org.hibernate.SQL                        : 
    drop table if exists patients cascade 
Hibernate: 
    drop table if exists patients cascade 
2025-12-25T18:44:27.454+01:00 DEBUG 16528 --- [           main] org.hibernate.SQL                        : 
    drop table if exists smartwatch_devices cascade 
Hibernate: 
    drop table if exists smartwatch_devices cascade 
2025-12-25T18:44:27.454+01:00 DEBUG 16528 --- [           main] org.hibernate.SQL                        : 
    drop table if exists users cascade 
Hibernate: 
    drop table if exists users cascade 
2025-12-25T18:44:27.455+01:00 DEBUG 16528 --- [           main] org.hibernate.SQL                        : 
    create table alerts (
        is_read boolean not null,
        timestamp timestamp(6),
        id varchar(255) not null,
        measurement_id varchar(255),
        message varchar(255),
        patient_id varchar(255),
        severity varchar(255),
        primary key (id)
    )
Hibernate: 
    create table alerts (
        is_read boolean not null,
        timestamp timestamp(6),
        id varchar(255) not null,
        measurement_id varchar(255),
        message varchar(255),
        patient_id varchar(255),
        severity varchar(255),
        primary key (id)
    )
2025-12-25T18:44:27.456+01:00 DEBUG 16528 --- [           main] org.hibernate.SQL                        : 
    create table clinics (
        address varchar(255),
        doctor_id varchar(255),
        id varchar(255) not null,
        name varchar(255) not null,
        phone varchar(255),
        primary key (id)
    )
Hibernate: 
    create table clinics (
        address varchar(255),
        doctor_id varchar(255),
        id varchar(255) not null,
        name varchar(255) not null,
        phone varchar(255),
        primary key (id)
    )
2025-12-25T18:44:27.457+01:00 DEBUG 16528 --- [           main] org.hibernate.SQL                        : 
    create table daily_health_summaries (
        active_minutes integer,
        avg_diastolic float(53),
        avg_heart_rate float(53),
        avg_spo2 float(53),
        avg_systolic float(53),
        avg_temperature float(53),
        data_points_count integer,
        deep_sleep_minutes integer,
        light_sleep_minutes integer,
        max_heart_rate integer,
        min_heart_rate integer,
        min_spo2 float(53),
        rem_sleep_minutes integer,
        resting_heart_rate integer,
        summary_date date not null,
        total_calories_burned integer,
        total_distance_meters float(53),
        total_sleep_minutes integer,
        total_steps integer,
        created_at timestamp(6),
        updated_at timestamp(6),
        id varchar(255) not null,
        patient_id varchar(255) not null,
        primary key (id),
        unique (patient_id, summary_date)
    )
Hibernate: 
    create table daily_health_summaries (
        active_minutes integer,
        avg_diastolic float(53),
        avg_heart_rate float(53),
        avg_spo2 float(53),
        avg_systolic float(53),
        avg_temperature float(53),
        data_points_count integer,
        deep_sleep_minutes integer,
        light_sleep_minutes integer,
        max_heart_rate integer,
        min_heart_rate integer,
        min_spo2 float(53),
        rem_sleep_minutes integer,
        resting_heart_rate integer,
        summary_date date not null,
        total_calories_burned integer,
        total_distance_meters float(53),
        total_sleep_minutes integer,
        total_steps integer,
        created_at timestamp(6),
        updated_at timestamp(6),
        id varchar(255) not null,
        patient_id varchar(255) not null,
        primary key (id),
        unique (patient_id, summary_date)
    )
2025-12-25T18:44:27.458+01:00 DEBUG 16528 --- [           main] org.hibernate.SQL                        : 
    create table doctors (
        email varchar(255),
        id varchar(255) not null,
        name varchar(255),
        phone_number varchar(255),
        specialty varchar(255),
        primary key (id)
    )
Hibernate: 
    create table doctors (
        email varchar(255),
        id varchar(255) not null,
        name varchar(255),
        phone_number varchar(255),
        specialty varchar(255),
        primary key (id)
    )
2025-12-25T18:44:27.459+01:00 DEBUG 16528 --- [           main] org.hibernate.SQL                        : 
    create table health_data (
        blood_pressure_diastolic integer,
        blood_pressure_systolic integer,
        calories_burned integer,
        distance_meters float(53),
        heart_rate integer,
        sleep_minutes integer,
        spo2 float(53),
        steps integer,
        temperature float(53),
        received_at timestamp(6),
        timestamp timestamp(6) not null,
        device_id varchar(255),
        id varchar(255) not null,
        patient_id varchar(255) not null,
        source varchar(255),
        primary key (id)
    )
Hibernate: 
    create table health_data (
        blood_pressure_diastolic integer,
        blood_pressure_systolic integer,
        calories_burned integer,
        distance_meters float(53),
        heart_rate integer,
        sleep_minutes integer,
        spo2 float(53),
        steps integer,
        temperature float(53),
        received_at timestamp(6),
        timestamp timestamp(6) not null,
        device_id varchar(255),
        id varchar(255) not null,
        patient_id varchar(255) not null,
        source varchar(255),
        primary key (id)
    )
2025-12-25T18:44:27.459+01:00 DEBUG 16528 --- [           main] org.hibernate.SQL                        : 
    create table measurements (
        measurement_value float(53),
        received_at timestamp(6),
        timestamp timestamp(6),
        consent_id varchar(255),
        device_id varchar(255),
        id varchar(255) not null,
        patient_id varchar(255),
        type varchar(255),
        primary key (id)
    )
Hibernate: 
    create table measurements (
        measurement_value float(53),
        received_at timestamp(6),
        timestamp timestamp(6),
        consent_id varchar(255),
        device_id varchar(255),
        id varchar(255) not null,
        patient_id varchar(255),
        type varchar(255),
        primary key (id)
    )
2025-12-25T18:44:27.460+01:00 DEBUG 16528 --- [           main] org.hibernate.SQL                        : 
    create table patients (
        age integer,
        clinic_id varchar(255),
        doctor_id varchar(255),
        gender varchar(255),
        id varchar(255) not null,
        name varchar(255),
        status varchar(255),
        primary key (id)
    )
Hibernate: 
    create table patients (
        age integer,
        clinic_id varchar(255),
        doctor_id varchar(255),
        gender varchar(255),
        id varchar(255) not null,
        name varchar(255),
        status varchar(255),
        primary key (id)
    )
2025-12-25T18:44:27.461+01:00 DEBUG 16528 --- [           main] org.hibernate.SQL                        : 
    create table smartwatch_devices (
        is_active boolean,
        created_at timestamp(6),
        last_connected timestamp(6),
        device_address varchar(255) not null,
        device_name varchar(255),
        device_type varchar(255),
        id varchar(255) not null,
        patient_id varchar(255) not null,
        primary key (id)
    )
Hibernate: 
    create table smartwatch_devices (
        is_active boolean,
        created_at timestamp(6),
        last_connected timestamp(6),
        device_address varchar(255) not null,
        device_name varchar(255),
        device_type varchar(255),
        id varchar(255) not null,
        patient_id varchar(255) not null,
        primary key (id)
    )
2025-12-25T18:44:27.461+01:00 DEBUG 16528 --- [           main] org.hibernate.SQL                        : 
    create table users (
        enabled boolean not null,
        created_at timestamp(6) not null,
        updated_at timestamp(6),
        email varchar(255) not null unique,
        first_name varchar(255),
        id varchar(255) not null,
        last_name varchar(255),
        password varchar(255) not null,
        phone varchar(255),
        role varchar(255) not null check (role in ('ADMIN','DOCTOR','NURSE','PATIENT')),
        primary key (id)
    )
Hibernate: 
    create table users (
        enabled boolean not null,
        created_at timestamp(6) not null,
        updated_at timestamp(6),
        email varchar(255) not null unique,
        first_name varchar(255),
        id varchar(255) not null,
        last_name varchar(255),
        password varchar(255) not null,
        phone varchar(255),
        role varchar(255) not null check (role in ('ADMIN','DOCTOR','NURSE','PATIENT')),
        primary key (id)
    )
2025-12-25T18:44:27.463+01:00  INFO 16528 --- [           main] j.LocalContainerEntityManagerFactoryBean : Initialized JPA EntityManagerFactory for persistence unit 'default'
2025-12-25T18:44:27.561+01:00  WARN 16528 --- [           main] JpaBaseConfiguration$JpaWebConfiguration : spring.jpa.open-in-view is enabled by default. Therefore, database queries may be performed during view rendering. Explicitly configure spring.jpa.open-in-view to disable this warning
2025-12-25T18:44:27.610+01:00  INFO 16528 --- [           main] o.s.s.web.DefaultSecurityFilterChain     : Will secure any request with [org.springframework.security.web.session.DisableEncodeUrlFilter@4a6950d1, org.springframework.security.web.context.request.async.WebAsyncManagerIntegrationFilter@2e3d1388, org.springframework.security.web.context.SecurityContextHolderFilter@5980a050, org.springframework.security.web.header.HeaderWriterFilter@417c0ec8, org.springframework.web.filter.CorsFilter@2476d6d8, org.springframework.security.web.authentication.logout.LogoutFilter@7c630a6e, com.clinalert.doctortracker.security.JwtAuthenticationFilter@22d76c5b, org.springframework.security.web.savedrequest.RequestCacheAwareFilter@6efea975, org.springframework.security.web.servletapi.SecurityContextHolderAwareRequestFilter@4f55e02c, org.springframework.security.web.authentication.AnonymousAuthenticationFilter@688d9464, org.springframework.security.web.session.SessionManagementFilter@72d3ba9d, org.springframework.security.web.access.ExceptionTranslationFilter@2a93bb5e, org.springframework.security.web.access.intercept.AuthorizationFilter@77979d3]
2025-12-25T18:44:27.702+01:00 DEBUG 16528 --- [           main] c.c.d.security.JwtAuthenticationFilter   : Filter 'jwtAuthenticationFilter' configured for use
2025-12-25T18:44:27.702+01:00  INFO 16528 --- [           main] o.s.b.t.m.w.SpringBootMockServletContext : Initializing Spring TestDispatcherServlet ''
2025-12-25T18:44:27.702+01:00  INFO 16528 --- [           main] o.s.t.web.servlet.TestDispatcherServlet  : Initializing Servlet ''
2025-12-25T18:44:27.702+01:00  INFO 16528 --- [           main] o.s.t.web.servlet.TestDispatcherServlet  : Completed initialization in 0 ms
2025-12-25T18:44:27.707+01:00  INFO 16528 --- [           main] c.c.d.c.SmartWatchControllerTest         : Started SmartWatchControllerTest in 0.73 seconds (process running for 20.413)
2025-12-25T18:44:27.708+01:00  INFO 16528 --- [           main] c.c.doctortracker.util.AuthDataSeeder    : Checking authentication seed data...
2025-12-25T18:44:27.709+01:00 DEBUG 16528 --- [           main] org.hibernate.SQL                        : 
    select
        u1_0.id,
        u1_0.created_at,
        u1_0.email,
        u1_0.enabled,
        u1_0.first_name,
        u1_0.last_name,
        u1_0.password,
        u1_0.phone,
        u1_0.role,
        u1_0.updated_at 
    from
        users u1_0 
    where
        u1_0.email=?
Hibernate: 
    select
        u1_0.id,
        u1_0.created_at,
        u1_0.email,
        u1_0.enabled,
        u1_0.first_name,
        u1_0.last_name,
        u1_0.password,
        u1_0.phone,
        u1_0.role,
        u1_0.updated_at 
    from
        users u1_0 
    where
        u1_0.email=?
2025-12-25T18:44:27.770+01:00 DEBUG 16528 --- [           main] org.hibernate.SQL                        : 
    insert 
    into
        users
        (created_at, email, enabled, first_name, last_name, password, phone, role, updated_at, id) 
    values
        (?, ?, ?, ?, ?, ?, ?, ?, ?, ?)
Hibernate: 
    insert 
    into
        users
        (created_at, email, enabled, first_name, last_name, password, phone, role, updated_at, id) 
    values
        (?, ?, ?, ?, ?, ?, ?, ?, ?, ?)
2025-12-25T18:44:27.771+01:00  INFO 16528 --- [           main] c.c.doctortracker.util.AuthDataSeeder    : Created user: admin@clinalert.com / [PROTECTED]
2025-12-25T18:44:27.773+01:00 DEBUG 16528 --- [           main] org.hibernate.SQL                        : 
    select
        u1_0.id,
        u1_0.created_at,
        u1_0.email,
        u1_0.enabled,
        u1_0.first_name,
        u1_0.last_name,
        u1_0.password,
        u1_0.phone,
        u1_0.role,
        u1_0.updated_at 
    from
        users u1_0 
    where
        u1_0.email=?
Hibernate: 
    select
        u1_0.id,
        u1_0.created_at,
        u1_0.email,
        u1_0.enabled,
        u1_0.first_name,
        u1_0.last_name,
        u1_0.password,
        u1_0.phone,
        u1_0.role,
        u1_0.updated_at 
    from
        users u1_0 
    where
        u1_0.email=?
2025-12-25T18:44:27.835+01:00 DEBUG 16528 --- [           main] org.hibernate.SQL                        : 
    insert 
    into
        users
        (created_at, email, enabled, first_name, last_name, password, phone, role, updated_at, id) 
    values
        (?, ?, ?, ?, ?, ?, ?, ?, ?, ?)
Hibernate: 
    insert 
    into
        users
        (created_at, email, enabled, first_name, last_name, password, phone, role, updated_at, id) 
    values
        (?, ?, ?, ?, ?, ?, ?, ?, ?, ?)
2025-12-25T18:44:27.836+01:00  INFO 16528 --- [           main] c.c.doctortracker.util.AuthDataSeeder    : Created user: house@clinalert.com / [PROTECTED]
2025-12-25T18:44:27.838+01:00 DEBUG 16528 --- [           main] org.hibernate.SQL                        : 
    select
        u1_0.id,
        u1_0.created_at,
        u1_0.email,
        u1_0.enabled,
        u1_0.first_name,
        u1_0.last_name,
        u1_0.password,
        u1_0.phone,
        u1_0.role,
        u1_0.updated_at 
    from
        users u1_0 
    where
        u1_0.email=?
Hibernate: 
    select
        u1_0.id,
        u1_0.created_at,
        u1_0.email,
        u1_0.enabled,
        u1_0.first_name,
        u1_0.last_name,
        u1_0.password,
        u1_0.phone,
        u1_0.role,
        u1_0.updated_at 
    from
        users u1_0 
    where
        u1_0.email=?
2025-12-25T18:44:27.896+01:00 DEBUG 16528 --- [           main] org.hibernate.SQL                        : 
    insert 
    into
        users
        (created_at, email, enabled, first_name, last_name, password, phone, role, updated_at, id) 
    values
        (?, ?, ?, ?, ?, ?, ?, ?, ?, ?)
Hibernate: 
    insert 
    into
        users
        (created_at, email, enabled, first_name, last_name, password, phone, role, updated_at, id) 
    values
        (?, ?, ?, ?, ?, ?, ?, ?, ?, ?)
2025-12-25T18:44:27.897+01:00  INFO 16528 --- [           main] c.c.doctortracker.util.AuthDataSeeder    : Created user: cameron@clinalert.com / [PROTECTED]
2025-12-25T18:44:27.898+01:00 DEBUG 16528 --- [           main] org.hibernate.SQL                        : 
    select
        u1_0.id,
        u1_0.created_at,
        u1_0.email,
        u1_0.enabled,
        u1_0.first_name,
        u1_0.last_name,
        u1_0.password,
        u1_0.phone,
        u1_0.role,
        u1_0.updated_at 
    from
        users u1_0 
    where
        u1_0.email=?
Hibernate: 
    select
        u1_0.id,
        u1_0.created_at,
        u1_0.email,
        u1_0.enabled,
        u1_0.first_name,
        u1_0.last_name,
        u1_0.password,
        u1_0.phone,
        u1_0.role,
        u1_0.updated_at 
    from
        users u1_0 
    where
        u1_0.email=?
2025-12-25T18:44:27.952+01:00 DEBUG 16528 --- [           main] org.hibernate.SQL                        : 
    insert 
    into
        users
        (created_at, email, enabled, first_name, last_name, password, phone, role, updated_at, id) 
    values
        (?, ?, ?, ?, ?, ?, ?, ?, ?, ?)
Hibernate: 
    insert 
    into
        users
        (created_at, email, enabled, first_name, last_name, password, phone, role, updated_at, id) 
    values
        (?, ?, ?, ?, ?, ?, ?, ?, ?, ?)
2025-12-25T18:44:27.953+01:00  INFO 16528 --- [           main] c.c.doctortracker.util.AuthDataSeeder    : Created user: john.doe@clinalert.com / [PROTECTED]
2025-12-25T18:44:27.955+01:00 DEBUG 16528 --- [           main] org.hibernate.SQL                        : 
    select
        u1_0.id,
        u1_0.created_at,
        u1_0.email,
        u1_0.enabled,
        u1_0.first_name,
        u1_0.last_name,
        u1_0.password,
        u1_0.phone,
        u1_0.role,
        u1_0.updated_at 
    from
        users u1_0 
    where
        u1_0.email=?
Hibernate: 
    select
        u1_0.id,
        u1_0.created_at,
        u1_0.email,
        u1_0.enabled,
        u1_0.first_name,
        u1_0.last_name,
        u1_0.password,
        u1_0.phone,
        u1_0.role,
        u1_0.updated_at 
    from
        users u1_0 
    where
        u1_0.email=?
2025-12-25T18:44:28.009+01:00 DEBUG 16528 --- [           main] org.hibernate.SQL                        : 
    insert 
    into
        users
        (created_at, email, enabled, first_name, last_name, password, phone, role, updated_at, id) 
    values
        (?, ?, ?, ?, ?, ?, ?, ?, ?, ?)
Hibernate: 
    insert 
    into
        users
        (created_at, email, enabled, first_name, last_name, password, phone, role, updated_at, id) 
    values
        (?, ?, ?, ?, ?, ?, ?, ?, ?, ?)
2025-12-25T18:44:28.010+01:00  INFO 16528 --- [           main] c.c.doctortracker.util.AuthDataSeeder    : Created user: luc.moreau@clinalert.com / [PROTECTED]
2025-12-25T18:44:28.010+01:00  INFO 16528 --- [           main] c.c.doctortracker.util.AuthDataSeeder    : Auth seed data check completed!
2025-12-25T18:44:28.018+01:00 DEBUG 16528 --- [           main] o.s.security.web.FilterChainProxy        : Securing PUT /api/smartwatch/devices/device-001/deactivate
2025-12-25T18:44:28.018+01:00 DEBUG 16528 --- [           main] o.s.security.web.FilterChainProxy        : Secured PUT /api/smartwatch/devices/device-001/deactivate
]]></system-out>
  </testcase>
  <testcase name="getPatientHealthData_ShouldReturnData" classname="com.clinalert.doctortracker.controller.SmartWatchControllerTest" time="0.009">
    <system-out><![CDATA[2025-12-25T18:44:28.027+01:00 DEBUG 16528 --- [           main] o.s.security.web.FilterChainProxy        : Securing GET /api/smartwatch/health-data/patient-001
2025-12-25T18:44:28.027+01:00 DEBUG 16528 --- [           main] o.s.security.web.FilterChainProxy        : Secured GET /api/smartwatch/health-data/patient-001
]]></system-out>
  </testcase>
  <testcase name="getSleepHistory_ShouldReturnData" classname="com.clinalert.doctortracker.controller.SmartWatchControllerTest" time="0.007">
    <system-out><![CDATA[2025-12-25T18:44:28.037+01:00 DEBUG 16528 --- [           main] o.s.security.web.FilterChainProxy        : Securing GET /api/smartwatch/health-data/patient-001/sleep
2025-12-25T18:44:28.038+01:00 DEBUG 16528 --- [           main] o.s.security.web.FilterChainProxy        : Secured GET /api/smartwatch/health-data/patient-001/sleep
]]></system-out>
  </testcase>
  <testcase name="getPatientDevices_ShouldReturnList" classname="com.clinalert.doctortracker.controller.SmartWatchControllerTest" time="0.007">
    <system-out><![CDATA[2025-12-25T18:44:28.045+01:00 DEBUG 16528 --- [           main] o.s.security.web.FilterChainProxy        : Securing GET /api/smartwatch/devices/patient-001
2025-12-25T18:44:28.045+01:00 DEBUG 16528 --- [           main] o.s.security.web.FilterChainProxy        : Secured GET /api/smartwatch/devices/patient-001
]]></system-out>
  </testcase>
  <testcase name="getStepsHistory_ShouldReturnData" classname="com.clinalert.doctortracker.controller.SmartWatchControllerTest" time="0.005">
    <system-out><![CDATA[2025-12-25T18:44:28.053+01:00 DEBUG 16528 --- [           main] o.s.security.web.FilterChainProxy        : Securing GET /api/smartwatch/health-data/patient-001/steps
2025-12-25T18:44:28.053+01:00 DEBUG 16528 --- [           main] o.s.security.web.FilterChainProxy        : Secured GET /api/smartwatch/health-data/patient-001/steps
]]></system-out>
  </testcase>
  <testcase name="submitHealthData_ShouldSave" classname="com.clinalert.doctortracker.controller.SmartWatchControllerTest" time="0.01">
    <system-out><![CDATA[2025-12-25T18:44:28.060+01:00 DEBUG 16528 --- [           main] o.s.security.web.FilterChainProxy        : Securing POST /api/smartwatch/health-data
2025-12-25T18:44:28.061+01:00 DEBUG 16528 --- [           main] o.s.security.web.FilterChainProxy        : Secured POST /api/smartwatch/health-data
]]></system-out>
  </testcase>
  <testcase name="generateDailySummary_ShouldGenerate" classname="com.clinalert.doctortracker.controller.SmartWatchControllerTest" time="0.011">
    <system-out><![CDATA[2025-12-25T18:44:28.071+01:00 DEBUG 16528 --- [           main] o.s.security.web.FilterChainProxy        : Securing POST /api/smartwatch/daily-summary/patient-001/generate
2025-12-25T18:44:28.071+01:00 DEBUG 16528 --- [           main] o.s.security.web.FilterChainProxy        : Secured POST /api/smartwatch/daily-summary/patient-001/generate
]]></system-out>
  </testcase>
  <testcase name="getSpO2History_ShouldReturnData" classname="com.clinalert.doctortracker.controller.SmartWatchControllerTest" time="0.007">
    <system-out><![CDATA[2025-12-25T18:44:28.083+01:00 DEBUG 16528 --- [           main] o.s.security.web.FilterChainProxy        : Securing GET /api/smartwatch/health-data/patient-001/spo2
2025-12-25T18:44:28.083+01:00 DEBUG 16528 --- [           main] o.s.security.web.FilterChainProxy        : Secured GET /api/smartwatch/health-data/patient-001/spo2
]]></system-out>
  </testcase>
  <testcase name="getHeartRateHistory_ShouldReturnData" classname="com.clinalert.doctortracker.controller.SmartWatchControllerTest" time="0.005">
    <system-out><![CDATA[2025-12-25T18:44:28.091+01:00 DEBUG 16528 --- [           main] o.s.security.web.FilterChainProxy        : Securing GET /api/smartwatch/health-data/patient-001/heart-rate
2025-12-25T18:44:28.091+01:00 DEBUG 16528 --- [           main] o.s.security.web.FilterChainProxy        : Secured GET /api/smartwatch/health-data/patient-001/heart-rate
]]></system-out>
  </testcase>
  <testcase name="registerDevice_ShouldCreate" classname="com.clinalert.doctortracker.controller.SmartWatchControllerTest" time="0.01">
    <system-out><![CDATA[2025-12-25T18:44:28.098+01:00 DEBUG 16528 --- [           main] o.s.security.web.FilterChainProxy        : Securing POST /api/smartwatch/devices
2025-12-25T18:44:28.098+01:00 DEBUG 16528 --- [           main] o.s.security.web.FilterChainProxy        : Secured POST /api/smartwatch/devices
]]></system-out>
  </testcase>
  <testcase name="submitSingleHealthData_ShouldSave" classname="com.clinalert.doctortracker.controller.SmartWatchControllerTest" time="0.008">
    <system-out><![CDATA[2025-12-25T18:44:28.108+01:00 DEBUG 16528 --- [           main] o.s.security.web.FilterChainProxy        : Securing POST /api/smartwatch/health-data/single
2025-12-25T18:44:28.109+01:00 DEBUG 16528 --- [           main] o.s.security.web.FilterChainProxy        : Secured POST /api/smartwatch/health-data/single
]]></system-out>
  </testcase>
  <testcase name="getRecentDailySummaries_ShouldReturnList" classname="com.clinalert.doctortracker.controller.SmartWatchControllerTest" time="0.004">
    <system-out><![CDATA[2025-12-25T18:44:28.116+01:00 DEBUG 16528 --- [           main] o.s.security.web.FilterChainProxy        : Securing GET /api/smartwatch/daily-summary/patient-001
2025-12-25T18:44:28.116+01:00 DEBUG 16528 --- [           main] o.s.security.web.FilterChainProxy        : Secured GET /api/smartwatch/daily-summary/patient-001
]]></system-out>
  </testcase>
  <testcase name="getActiveDevices_ShouldReturnActiveOnly" classname="com.clinalert.doctortracker.controller.SmartWatchControllerTest" time="0.005">
    <system-out><![CDATA[2025-12-25T18:44:28.122+01:00 DEBUG 16528 --- [           main] o.s.security.web.FilterChainProxy        : Securing GET /api/smartwatch/devices/patient-001/active
2025-12-25T18:44:28.122+01:00 DEBUG 16528 --- [           main] o.s.security.web.FilterChainProxy        : Secured GET /api/smartwatch/devices/patient-001/active
]]></system-out>
  </testcase>
  <testcase name="deleteDevice_ShouldDelete" classname="com.clinalert.doctortracker.controller.SmartWatchControllerTest" time="0.003">
    <system-out><![CDATA[2025-12-25T18:44:28.128+01:00 DEBUG 16528 --- [           main] o.s.security.web.FilterChainProxy        : Securing DELETE /api/smartwatch/devices/device-001
2025-12-25T18:44:28.128+01:00 DEBUG 16528 --- [           main] o.s.security.web.FilterChainProxy        : Secured DELETE /api/smartwatch/devices/device-001
]]></system-out>
  </testcase>
  <testcase name="generateDailySummary_NoDataAvailable_ShouldReturnMessage" classname="com.clinalert.doctortracker.controller.SmartWatchControllerTest" time="0.006">
    <system-out><![CDATA[2025-12-25T18:44:28.133+01:00 DEBUG 16528 --- [           main] o.s.security.web.FilterChainProxy        : Securing POST /api/smartwatch/daily-summary/patient-001/generate
2025-12-25T18:44:28.134+01:00 DEBUG 16528 --- [           main] o.s.security.web.FilterChainProxy        : Secured POST /api/smartwatch/daily-summary/patient-001/generate
]]></system-out>
  </testcase>
  <testcase name="submitHealthData_EmptyList_ShouldReturnBadRequest" classname="com.clinalert.doctortracker.controller.SmartWatchControllerTest" time="0.005">
    <system-out><![CDATA[2025-12-25T18:44:28.140+01:00 DEBUG 16528 --- [           main] o.s.security.web.FilterChainProxy        : Securing POST /api/smartwatch/health-data
2025-12-25T18:44:28.140+01:00 DEBUG 16528 --- [           main] o.s.security.web.FilterChainProxy        : Secured POST /api/smartwatch/health-data
]]></system-out>
  </testcase>
  <testcase name="pingDevice_ShouldUpdateLastConnected" classname="com.clinalert.doctortracker.controller.SmartWatchControllerTest" time="0.005">
    <system-out><![CDATA[2025-12-25T18:44:28.146+01:00 DEBUG 16528 --- [           main] o.s.security.web.FilterChainProxy        : Securing PUT /api/smartwatch/devices/device-001/ping
2025-12-25T18:44:28.146+01:00 DEBUG 16528 --- [           main] o.s.security.web.FilterChainProxy        : Secured PUT /api/smartwatch/devices/device-001/ping
]]></system-out>
  </testcase>
</testsuite>