<?xml version="1.0" encoding="UTF-8"?>
<testsuite xmlns:xsi="http://www.w3.org/2001/XMLSchema-instance" xsi:noNamespaceSchemaLocation="https://maven.apache.org/surefire/maven-surefire-plugin/xsd/surefire-test-report-3.0.xsd" version="3.0" name="com.clinalert.doctortracker.integration.ClinicManagementIntegrationTest" time="10.92" tests="4" errors="0" skipped="0" failures="0">
  <properties>
[...]
</properties>
  <testcase name="testUpdateClinic" classname="com.clinalert.doctortracker.integration.ClinicManagementIntegrationTest" time="2.418">
    <system-out><![CDATA[22:06:02.145 [main] INFO org.springframework.test.context.support.AnnotationConfigContextLoaderUtils -- Could not detect default configuration classes for test class [com.clinalert.doctortracker.integration.ClinicManagementIntegrationTest]: ClinicManagementIntegrationTest does not declare any static, non-private, non-final, nested classes annotated with @Configuration.
22:06:02.308 [main] INFO org.springframework.boot.test.context.SpringBootTestContextBootstrapper -- Found @SpringBootConfiguration com.clinalert.doctortracker.DoctorTrackerApplication for test class com.clinalert.doctortracker.integration.ClinicManagementIntegrationTest

  .   ____          _            __ _ _
 /\\ / ___'_ __ _ _(_)_ __  __ _ \ \ \ \
( ( )\___ | '_ | '_| | '_ \/ _` | \ \ \ \
 \\/  ___)| |_)| | | | | || (_| |  ) ) ) )
  '  |____| .__|_| |_|_| |_\__, | / / / /
 =========|_|==============|___/=/_/_/_/
 :: Spring Boot ::                (v3.2.0)

2025-12-25T22:06:02.970+01:00  INFO 28872 --- [           main] c.c.d.i.ClinicManagementIntegrationTest  : Starting ClinicManagementIntegrationTest using Java 17.0.12 with PID 28872 (started by Imad ADAOUMOUM in C:\Users\Imad ADAOUMOUM\Documents\salahproj\Projet_Clinalert\backend\doctortracker-backend)
2025-12-25T22:06:02.971+01:00 DEBUG 28872 --- [           main] c.c.d.i.ClinicManagementIntegrationTest  : Running with Spring Boot v3.2.0, Spring v6.1.1
2025-12-25T22:06:02.972+01:00  INFO 28872 --- [           main] c.c.d.i.ClinicManagementIntegrationTest  : No active profile set, falling back to 1 default profile: "default"
2025-12-25T22:06:04.259+01:00  INFO 28872 --- [           main] .s.d.r.c.RepositoryConfigurationDelegate : Bootstrapping Spring Data JPA repositories in DEFAULT mode.
2025-12-25T22:06:04.371+01:00  INFO 28872 --- [           main] .s.d.r.c.RepositoryConfigurationDelegate : Finished Spring Data repository scanning in 97 ms. Found 9 JPA repository interfaces.
2025-12-25T22:06:05.264+01:00  INFO 28872 --- [           main] o.s.b.w.embedded.tomcat.TomcatWebServer  : Tomcat initialized with port 0 (http)
2025-12-25T22:06:05.280+01:00  INFO 28872 --- [           main] o.apache.catalina.core.StandardService   : Starting service [Tomcat]
2025-12-25T22:06:05.281+01:00  INFO 28872 --- [           main] o.apache.catalina.core.StandardEngine    : Starting Servlet engine: [Apache Tomcat/10.1.16]
2025-12-25T22:06:05.351+01:00  INFO 28872 --- [           main] o.a.c.c.C.[Tomcat].[localhost].[/]       : Initializing Spring embedded WebApplicationContext
2025-12-25T22:06:05.352+01:00  INFO 28872 --- [           main] w.s.c.ServletWebServerApplicationContext : Root WebApplicationContext: initialization completed in 1927 ms
2025-12-25T22:06:05.552+01:00  INFO 28872 --- [           main] o.hibernate.jpa.internal.util.LogHelper  : HHH000204: Processing PersistenceUnitInfo [name: default]
2025-12-25T22:06:05.643+01:00  INFO 28872 --- [           main] org.hibernate.Version                    : HHH000412: Hibernate ORM core version 6.3.1.Final
2025-12-25T22:06:05.693+01:00  INFO 28872 --- [           main] o.h.c.internal.RegionFactoryInitiator    : HHH000026: Second-level cache disabled
2025-12-25T22:06:05.988+01:00  INFO 28872 --- [           main] o.s.o.j.p.SpringPersistenceUnitInfo      : No LoadTimeWeaver setup: ignoring JPA class transformer
2025-12-25T22:06:06.026+01:00  INFO 28872 --- [           main] com.zaxxer.hikari.HikariDataSource       : HikariPool-1 - Starting...
2025-12-25T22:06:06.325+01:00  INFO 28872 --- [           main] com.zaxxer.hikari.pool.HikariPool        : HikariPool-1 - Added connection conn0: url=jdbc:h2:mem:testdb user=SA
2025-12-25T22:06:06.327+01:00  INFO 28872 --- [           main] com.zaxxer.hikari.HikariDataSource       : HikariPool-1 - Start completed.
2025-12-25T22:06:06.360+01:00  WARN 28872 --- [           main] org.hibernate.orm.deprecation            : HHH90000025: H2Dialect does not need to be specified explicitly using 'hibernate.dialect' (remove the property setting and it will be selected by default)
2025-12-25T22:06:07.454+01:00  INFO 28872 --- [           main] o.h.e.t.j.p.i.JtaPlatformInitiator       : HHH000489: No JTA platform available (set 'hibernate.transaction.jta.platform' to enable JTA platform integration)
2025-12-25T22:06:07.471+01:00 DEBUG 28872 --- [           main] org.hibernate.SQL                        : 
    drop table if exists alerts cascade 
Hibernate: 
    drop table if exists alerts cascade 
2025-12-25T22:06:07.475+01:00 DEBUG 28872 --- [           main] org.hibernate.SQL                        : 
    drop table if exists clinics cascade 
Hibernate: 
    drop table if exists clinics cascade 
2025-12-25T22:06:07.476+01:00 DEBUG 28872 --- [           main] org.hibernate.SQL                        : 
    drop table if exists daily_health_summaries cascade 
Hibernate: 
    drop table if exists daily_health_summaries cascade 
2025-12-25T22:06:07.476+01:00 DEBUG 28872 --- [           main] org.hibernate.SQL                        : 
    drop table if exists doctors cascade 
Hibernate: 
    drop table if exists doctors cascade 
2025-12-25T22:06:07.476+01:00 DEBUG 28872 --- [           main] org.hibernate.SQL                        : 
    drop table if exists health_data cascade 
Hibernate: 
    drop table if exists health_data cascade 
2025-12-25T22:06:07.476+01:00 DEBUG 28872 --- [           main] org.hibernate.SQL                        : 
    drop table if exists measurements cascade 
Hibernate: 
    drop table if exists measurements cascade 
2025-12-25T22:06:07.477+01:00 DEBUG 28872 --- [           main] org.hibernate.SQL                        : 
    drop table if exists patients cascade 
Hibernate: 
    drop table if exists patients cascade 
2025-12-25T22:06:07.477+01:00 DEBUG 28872 --- [           main] org.hibernate.SQL                        : 
    drop table if exists smartwatch_devices cascade 
Hibernate: 
    drop table if exists smartwatch_devices cascade 
2025-12-25T22:06:07.477+01:00 DEBUG 28872 --- [           main] org.hibernate.SQL                        : 
    drop table if exists users cascade 
Hibernate: 
    drop table if exists users cascade 
2025-12-25T22:06:07.482+01:00 DEBUG 28872 --- [           main] org.hibernate.SQL                        : 
    create table alerts (
        is_read boolean not null,
        timestamp timestamp(6),
        id varchar(255) not null,
        measurement_id varchar(255),
        message varchar(255),
        patient_id varchar(255),
        severity varchar(255),
        primary key (id)
    )
Hibernate: 
    create table alerts (
        is_read boolean not null,
        timestamp timestamp(6),
        id varchar(255) not null,
        measurement_id varchar(255),
        message varchar(255),
        patient_id varchar(255),
        severity varchar(255),
        primary key (id)
    )
2025-12-25T22:06:07.488+01:00 DEBUG 28872 --- [           main] org.hibernate.SQL                        : 
    create table clinics (
        address varchar(255),
        doctor_id varchar(255),
        id varchar(255) not null,
        name varchar(255) not null,
        phone varchar(255),
        primary key (id)
    )
Hibernate: 
    create table clinics (
        address varchar(255),
        doctor_id varchar(255),
        id varchar(255) not null,
        name varchar(255) not null,
        phone varchar(255),
        primary key (id)
    )
2025-12-25T22:06:07.489+01:00 DEBUG 28872 --- [           main] org.hibernate.SQL                        : 
    create table daily_health_summaries (
        active_minutes integer,
        avg_diastolic float(53),
        avg_heart_rate float(53),
        avg_spo2 float(53),
        avg_systolic float(53),
        avg_temperature float(53),
        data_points_count integer,
        deep_sleep_minutes integer,
        light_sleep_minutes integer,
        max_heart_rate integer,
        min_heart_rate integer,
        min_spo2 float(53),
        rem_sleep_minutes integer,
        resting_heart_rate integer,
        summary_date date not null,
        total_calories_burned integer,
        total_distance_meters float(53),
        total_sleep_minutes integer,
        total_steps integer,
        created_at timestamp(6),
        updated_at timestamp(6),
        id varchar(255) not null,
        patient_id varchar(255) not null,
        primary key (id),
        unique (patient_id, summary_date)
    )
Hibernate: 
    create table daily_health_summaries (
        active_minutes integer,
        avg_diastolic float(53),
        avg_heart_rate float(53),
        avg_spo2 float(53),
        avg_systolic float(53),
        avg_temperature float(53),
        data_points_count integer,
        deep_sleep_minutes integer,
        light_sleep_minutes integer,
        max_heart_rate integer,
        min_heart_rate integer,
        min_spo2 float(53),
        rem_sleep_minutes integer,
        resting_heart_rate integer,
        summary_date date not null,
        total_calories_burned integer,
        total_distance_meters float(53),
        total_sleep_minutes integer,
        total_steps integer,
        created_at timestamp(6),
        updated_at timestamp(6),
        id varchar(255) not null,
        patient_id varchar(255) not null,
        primary key (id),
        unique (patient_id, summary_date)
    )
2025-12-25T22:06:07.492+01:00 DEBUG 28872 --- [           main] org.hibernate.SQL                        : 
    create table doctors (
        email varchar(255),
        id varchar(255) not null,
        name varchar(255),
        phone_number varchar(255),
        specialty varchar(255),
        primary key (id)
    )
Hibernate: 
    create table doctors (
        email varchar(255),
        id varchar(255) not null,
        name varchar(255),
        phone_number varchar(255),
        specialty varchar(255),
        primary key (id)
    )
2025-12-25T22:06:07.493+01:00 DEBUG 28872 --- [           main] org.hibernate.SQL                        : 
    create table health_data (
        blood_pressure_diastolic integer,
        blood_pressure_systolic integer,
        calories_burned integer,
        distance_meters float(53),
        heart_rate integer,
        sleep_minutes integer,
        spo2 float(53),
        steps integer,
        temperature float(53),
        received_at timestamp(6),
        timestamp timestamp(6) not null,
        device_id varchar(255),
        id varchar(255) not null,
        patient_id varchar(255) not null,
        source varchar(255),
        primary key (id)
    )
Hibernate: 
    create table health_data (
        blood_pressure_diastolic integer,
        blood_pressure_systolic integer,
        calories_burned integer,
        distance_meters float(53),
        heart_rate integer,
        sleep_minutes integer,
        spo2 float(53),
        steps integer,
        temperature float(53),
        received_at timestamp(6),
        timestamp timestamp(6) not null,
        device_id varchar(255),
        id varchar(255) not null,
        patient_id varchar(255) not null,
        source varchar(255),
        primary key (id)
    )
2025-12-25T22:06:07.495+01:00 DEBUG 28872 --- [           main] org.hibernate.SQL                        : 
    create table measurements (
        measurement_value float(53),
        received_at timestamp(6),
        timestamp timestamp(6),
        consent_id varchar(255),
        device_id varchar(255),
        id varchar(255) not null,
        patient_id varchar(255),
        type varchar(255),
        primary key (id)
    )
Hibernate: 
    create table measurements (
        measurement_value float(53),
        received_at timestamp(6),
        timestamp timestamp(6),
        consent_id varchar(255),
        device_id varchar(255),
        id varchar(255) not null,
        patient_id varchar(255),
        type varchar(255),
        primary key (id)
    )
2025-12-25T22:06:07.496+01:00 DEBUG 28872 --- [           main] org.hibernate.SQL                        : 
    create table patients (
        age integer,
        clinic_id varchar(255),
        doctor_id varchar(255),
        gender varchar(255),
        id varchar(255) not null,
        name varchar(255),
        status varchar(255),
        primary key (id)
    )
Hibernate: 
    create table patients (
        age integer,
        clinic_id varchar(255),
        doctor_id varchar(255),
        gender varchar(255),
        id varchar(255) not null,
        name varchar(255),
        status varchar(255),
        primary key (id)
    )
2025-12-25T22:06:07.497+01:00 DEBUG 28872 --- [           main] org.hibernate.SQL                        : 
    create table smartwatch_devices (
        is_active boolean,
        created_at timestamp(6),
        last_connected timestamp(6),
        device_address varchar(255) not null,
        device_name varchar(255),
        device_type varchar(255),
        id varchar(255) not null,
        patient_id varchar(255) not null,
        primary key (id)
    )
Hibernate: 
    create table smartwatch_devices (
        is_active boolean,
        created_at timestamp(6),
        last_connected timestamp(6),
        device_address varchar(255) not null,
        device_name varchar(255),
        device_type varchar(255),
        id varchar(255) not null,
        patient_id varchar(255) not null,
        primary key (id)
    )
2025-12-25T22:06:07.500+01:00 DEBUG 28872 --- [           main] org.hibernate.SQL                        : 
    create table users (
        enabled boolean not null,
        created_at timestamp(6) not null,
        updated_at timestamp(6),
        email varchar(255) not null unique,
        first_name varchar(255),
        id varchar(255) not null,
        last_name varchar(255),
        password varchar(255) not null,
        phone varchar(255),
        role varchar(255) not null check (role in ('ADMIN','DOCTOR','NURSE','PATIENT')),
        primary key (id)
    )
Hibernate: 
    create table users (
        enabled boolean not null,
        created_at timestamp(6) not null,
        updated_at timestamp(6),
        email varchar(255) not null unique,
        first_name varchar(255),
        id varchar(255) not null,
        last_name varchar(255),
        password varchar(255) not null,
        phone varchar(255),
        role varchar(255) not null check (role in ('ADMIN','DOCTOR','NURSE','PATIENT')),
        primary key (id)
    )
2025-12-25T22:06:07.509+01:00  INFO 28872 --- [           main] j.LocalContainerEntityManagerFactoryBean : Initialized JPA EntityManagerFactory for persistence unit 'default'
2025-12-25T22:06:07.845+01:00 DEBUG 28872 --- [           main] c.c.d.security.JwtAuthenticationFilter   : Filter 'jwtAuthenticationFilter' configured for use
2025-12-25T22:06:08.182+01:00  INFO 28872 --- [           main] o.s.d.j.r.query.QueryEnhancerFactory     : Hibernate is in classpath; If applicable, HQL parser will be used.
2025-12-25T22:06:08.709+01:00  WARN 28872 --- [           main] JpaBaseConfiguration$JpaWebConfiguration : spring.jpa.open-in-view is enabled by default. Therefore, database queries may be performed during view rendering. Explicitly configure spring.jpa.open-in-view to disable this warning
2025-12-25T22:06:09.027+01:00  INFO 28872 --- [           main] o.s.s.web.DefaultSecurityFilterChain     : Will secure any request with [org.springframework.security.web.session.DisableEncodeUrlFilter@8dce4ca, org.springframework.security.web.context.request.async.WebAsyncManagerIntegrationFilter@308bd8bb, org.springframework.security.web.context.SecurityContextHolderFilter@6ae065fe, org.springframework.security.web.header.HeaderWriterFilter@23b65ee5, org.springframework.web.filter.CorsFilter@7f2a6de5, org.springframework.security.web.authentication.logout.LogoutFilter@7924f5cc, com.clinalert.doctortracker.security.JwtAuthenticationFilter@273cca1e, org.springframework.security.web.savedrequest.RequestCacheAwareFilter@7b4c5fc9, org.springframework.security.web.servletapi.SecurityContextHolderAwareRequestFilter@7ea7f02b, org.springframework.security.web.authentication.AnonymousAuthenticationFilter@17933d7d, org.springframework.security.web.session.SessionManagementFilter@5a6535d7, org.springframework.security.web.access.ExceptionTranslationFilter@475861cf, org.springframework.security.web.access.intercept.AuthorizationFilter@487e0228]
2025-12-25T22:06:09.238+01:00  INFO 28872 --- [           main] o.s.b.w.embedded.tomcat.TomcatWebServer  : Tomcat started on port 58029 (http) with context path ''
2025-12-25T22:06:09.243+01:00  INFO 28872 --- [           main] c.c.d.i.ClinicManagementIntegrationTest  : Started ClinicManagementIntegrationTest in 6.655 seconds (process running for 8.082)
2025-12-25T22:06:09.245+01:00  INFO 28872 --- [           main] c.c.doctortracker.util.AuthDataSeeder    : Checking authentication seed data...
2025-12-25T22:06:09.351+01:00 DEBUG 28872 --- [           main] org.hibernate.SQL                        : 
    select
        u1_0.id,
        u1_0.created_at,
        u1_0.email,
        u1_0.enabled,
        u1_0.first_name,
        u1_0.last_name,
        u1_0.password,
        u1_0.phone,
        u1_0.role,
        u1_0.updated_at 
    from
        users u1_0 
    where
        u1_0.email=?
Hibernate: 
    select
        u1_0.id,
        u1_0.created_at,
        u1_0.email,
        u1_0.enabled,
        u1_0.first_name,
        u1_0.last_name,
        u1_0.password,
        u1_0.phone,
        u1_0.role,
        u1_0.updated_at 
    from
        users u1_0 
    where
        u1_0.email=?
2025-12-25T22:06:09.502+01:00 DEBUG 28872 --- [           main] org.hibernate.SQL                        : 
    insert 
    into
        users
        (created_at, email, enabled, first_name, last_name, password, phone, role, updated_at, id) 
    values
        (?, ?, ?, ?, ?, ?, ?, ?, ?, ?)
Hibernate: 
    insert 
    into
        users
        (created_at, email, enabled, first_name, last_name, password, phone, role, updated_at, id) 
    values
        (?, ?, ?, ?, ?, ?, ?, ?, ?, ?)
2025-12-25T22:06:09.509+01:00  INFO 28872 --- [           main] c.c.doctortracker.util.AuthDataSeeder    : Created user: admin@clinalert.com / [PROTECTED]
2025-12-25T22:06:09.511+01:00 DEBUG 28872 --- [           main] org.hibernate.SQL                        : 
    select
        u1_0.id,
        u1_0.created_at,
        u1_0.email,
        u1_0.enabled,
        u1_0.first_name,
        u1_0.last_name,
        u1_0.password,
        u1_0.phone,
        u1_0.role,
        u1_0.updated_at 
    from
        users u1_0 
    where
        u1_0.email=?
Hibernate: 
    select
        u1_0.id,
        u1_0.created_at,
        u1_0.email,
        u1_0.enabled,
        u1_0.first_name,
        u1_0.last_name,
        u1_0.password,
        u1_0.phone,
        u1_0.role,
        u1_0.updated_at 
    from
        users u1_0 
    where
        u1_0.email=?
2025-12-25T22:06:09.565+01:00 DEBUG 28872 --- [           main] org.hibernate.SQL                        : 
    insert 
    into
        users
        (created_at, email, enabled, first_name, last_name, password, phone, role, updated_at, id) 
    values
        (?, ?, ?, ?, ?, ?, ?, ?, ?, ?)
Hibernate: 
    insert 
    into
        users
        (created_at, email, enabled, first_name, last_name, password, phone, role, updated_at, id) 
    values
        (?, ?, ?, ?, ?, ?, ?, ?, ?, ?)
2025-12-25T22:06:09.566+01:00  INFO 28872 --- [           main] c.c.doctortracker.util.AuthDataSeeder    : Created user: house@clinalert.com / [PROTECTED]
2025-12-25T22:06:09.568+01:00 DEBUG 28872 --- [           main] org.hibernate.SQL                        : 
    select
        u1_0.id,
        u1_0.created_at,
        u1_0.email,
        u1_0.enabled,
        u1_0.first_name,
        u1_0.last_name,
        u1_0.password,
        u1_0.phone,
        u1_0.role,
        u1_0.updated_at 
    from
        users u1_0 
    where
        u1_0.email=?
Hibernate: 
    select
        u1_0.id,
        u1_0.created_at,
        u1_0.email,
        u1_0.enabled,
        u1_0.first_name,
        u1_0.last_name,
        u1_0.password,
        u1_0.phone,
        u1_0.role,
        u1_0.updated_at 
    from
        users u1_0 
    where
        u1_0.email=?
2025-12-25T22:06:09.623+01:00 DEBUG 28872 --- [           main] org.hibernate.SQL                        : 
    insert 
    into
        users
        (created_at, email, enabled, first_name, last_name, password, phone, role, updated_at, id) 
    values
        (?, ?, ?, ?, ?, ?, ?, ?, ?, ?)
Hibernate: 
    insert 
    into
        users
        (created_at, email, enabled, first_name, last_name, password, phone, role, updated_at, id) 
    values
        (?, ?, ?, ?, ?, ?, ?, ?, ?, ?)
2025-12-25T22:06:09.624+01:00  INFO 28872 --- [           main] c.c.doctortracker.util.AuthDataSeeder    : Created user: cameron@clinalert.com / [PROTECTED]
2025-12-25T22:06:09.626+01:00 DEBUG 28872 --- [           main] org.hibernate.SQL                        : 
    select
        u1_0.id,
        u1_0.created_at,
        u1_0.email,
        u1_0.enabled,
        u1_0.first_name,
        u1_0.last_name,
        u1_0.password,
        u1_0.phone,
        u1_0.role,
        u1_0.updated_at 
    from
        users u1_0 
    where
        u1_0.email=?
Hibernate: 
    select
        u1_0.id,
        u1_0.created_at,
        u1_0.email,
        u1_0.enabled,
        u1_0.first_name,
        u1_0.last_name,
        u1_0.password,
        u1_0.phone,
        u1_0.role,
        u1_0.updated_at 
    from
        users u1_0 
    where
        u1_0.email=?
2025-12-25T22:06:09.680+01:00 DEBUG 28872 --- [           main] org.hibernate.SQL                        : 
    insert 
    into
        users
        (created_at, email, enabled, first_name, last_name, password, phone, role, updated_at, id) 
    values
        (?, ?, ?, ?, ?, ?, ?, ?, ?, ?)
Hibernate: 
    insert 
    into
        users
        (created_at, email, enabled, first_name, last_name, password, phone, role, updated_at, id) 
    values
        (?, ?, ?, ?, ?, ?, ?, ?, ?, ?)
2025-12-25T22:06:09.681+01:00  INFO 28872 --- [           main] c.c.doctortracker.util.AuthDataSeeder    : Created user: john.doe@clinalert.com / [PROTECTED]
2025-12-25T22:06:09.683+01:00 DEBUG 28872 --- [           main] org.hibernate.SQL                        : 
    select
        u1_0.id,
        u1_0.created_at,
        u1_0.email,
        u1_0.enabled,
        u1_0.first_name,
        u1_0.last_name,
        u1_0.password,
        u1_0.phone,
        u1_0.role,
        u1_0.updated_at 
    from
        users u1_0 
    where
        u1_0.email=?
Hibernate: 
    select
        u1_0.id,
        u1_0.created_at,
        u1_0.email,
        u1_0.enabled,
        u1_0.first_name,
        u1_0.last_name,
        u1_0.password,
        u1_0.phone,
        u1_0.role,
        u1_0.updated_at 
    from
        users u1_0 
    where
        u1_0.email=?
2025-12-25T22:06:09.738+01:00 DEBUG 28872 --- [           main] org.hibernate.SQL                        : 
    insert 
    into
        users
        (created_at, email, enabled, first_name, last_name, password, phone, role, updated_at, id) 
    values
        (?, ?, ?, ?, ?, ?, ?, ?, ?, ?)
Hibernate: 
    insert 
    into
        users
        (created_at, email, enabled, first_name, last_name, password, phone, role, updated_at, id) 
    values
        (?, ?, ?, ?, ?, ?, ?, ?, ?, ?)
2025-12-25T22:06:09.739+01:00  INFO 28872 --- [           main] c.c.doctortracker.util.AuthDataSeeder    : Created user: luc.moreau@clinalert.com / [PROTECTED]
2025-12-25T22:06:09.740+01:00  INFO 28872 --- [           main] c.c.doctortracker.util.AuthDataSeeder    : Auth seed data check completed!
2025-12-25T22:06:11.062+01:00  INFO 28872 --- [o-auto-1-exec-1] o.a.c.c.C.[Tomcat].[localhost].[/]       : Initializing Spring DispatcherServlet 'dispatcherServlet'
2025-12-25T22:06:11.062+01:00  INFO 28872 --- [o-auto-1-exec-1] o.s.web.servlet.DispatcherServlet        : Initializing Servlet 'dispatcherServlet'
2025-12-25T22:06:11.064+01:00  INFO 28872 --- [o-auto-1-exec-1] o.s.web.servlet.DispatcherServlet        : Completed initialization in 2 ms
2025-12-25T22:06:11.073+01:00 DEBUG 28872 --- [o-auto-1-exec-1] o.s.security.web.FilterChainProxy        : Securing POST /api/auth/login
2025-12-25T22:06:11.084+01:00 DEBUG 28872 --- [o-auto-1-exec-1] o.s.s.w.a.AnonymousAuthenticationFilter  : Set SecurityContextHolder to anonymous SecurityContext
2025-12-25T22:06:11.085+01:00  WARN 28872 --- [o-auto-1-exec-1] o.s.w.s.h.HandlerMappingIntrospector     : Cache miss for REQUEST dispatch to '/api/auth/login' (previous null). Performing MatchableHandlerMapping lookup. This is logged once only at WARN level, and every time at TRACE.
2025-12-25T22:06:11.097+01:00 DEBUG 28872 --- [o-auto-1-exec-1] o.s.security.web.FilterChainProxy        : Secured POST /api/auth/login
2025-12-25T22:06:11.194+01:00  INFO 28872 --- [o-auto-1-exec-1] c.c.d.controller.AuthController          : === CONTROLLER: LOGIN ENDPOINT HIT ===
2025-12-25T22:06:11.194+01:00  INFO 28872 --- [o-auto-1-exec-1] c.c.d.controller.AuthController          : Request email: house@clinalert.com
2025-12-25T22:06:11.194+01:00  INFO 28872 --- [o-auto-1-exec-1] c.c.doctortracker.service.AuthService    : === LOGIN ATTEMPT ===
2025-12-25T22:06:11.195+01:00  INFO 28872 --- [o-auto-1-exec-1] c.c.doctortracker.service.AuthService    : Email: house@clinalert.com
2025-12-25T22:06:11.195+01:00 DEBUG 28872 --- [o-auto-1-exec-1] c.c.doctortracker.service.AuthService    : Password received: [PROTECTED]
2025-12-25T22:06:11.196+01:00 DEBUG 28872 --- [o-auto-1-exec-1] org.hibernate.SQL                        : 
    select
        u1_0.id,
        u1_0.created_at,
        u1_0.email,
        u1_0.enabled,
        u1_0.first_name,
        u1_0.last_name,
        u1_0.password,
        u1_0.phone,
        u1_0.role,
        u1_0.updated_at 
    from
        users u1_0 
    where
        u1_0.email=?
Hibernate: 
    select
        u1_0.id,
        u1_0.created_at,
        u1_0.email,
        u1_0.enabled,
        u1_0.first_name,
        u1_0.last_name,
        u1_0.password,
        u1_0.phone,
        u1_0.role,
        u1_0.updated_at 
    from
        users u1_0 
    where
        u1_0.email=?
2025-12-25T22:06:11.202+01:00  INFO 28872 --- [o-auto-1-exec-1] c.c.doctortracker.service.AuthService    : User found! ID: ffa9b1c7-a3b1-4423-9ab7-99c40dd77faf
2025-12-25T22:06:11.255+01:00  INFO 28872 --- [o-auto-1-exec-1] c.c.doctortracker.service.AuthService    : Password matches: true
2025-12-25T22:06:11.311+01:00 DEBUG 28872 --- [o-auto-1-exec-1] org.hibernate.SQL                        : 
    select
        u1_0.id,
        u1_0.created_at,
        u1_0.email,
        u1_0.enabled,
        u1_0.first_name,
        u1_0.last_name,
        u1_0.password,
        u1_0.phone,
        u1_0.role,
        u1_0.updated_at 
    from
        users u1_0 
    where
        u1_0.email=?
Hibernate: 
    select
        u1_0.id,
        u1_0.created_at,
        u1_0.email,
        u1_0.enabled,
        u1_0.first_name,
        u1_0.last_name,
        u1_0.password,
        u1_0.phone,
        u1_0.role,
        u1_0.updated_at 
    from
        users u1_0 
    where
        u1_0.email=?
2025-12-25T22:06:11.367+01:00 DEBUG 28872 --- [o-auto-1-exec-1] o.s.s.a.dao.DaoAuthenticationProvider    : Authenticated user
2025-12-25T22:06:11.370+01:00 DEBUG 28872 --- [o-auto-1-exec-1] org.hibernate.SQL                        : 
    select
        u1_0.id,
        u1_0.created_at,
        u1_0.email,
        u1_0.enabled,
        u1_0.first_name,
        u1_0.last_name,
        u1_0.password,
        u1_0.phone,
        u1_0.role,
        u1_0.updated_at 
    from
        users u1_0 
    where
        u1_0.email=?
Hibernate: 
    select
        u1_0.id,
        u1_0.created_at,
        u1_0.email,
        u1_0.enabled,
        u1_0.first_name,
        u1_0.last_name,
        u1_0.password,
        u1_0.phone,
        u1_0.role,
        u1_0.updated_at 
    from
        users u1_0 
    where
        u1_0.email=?
2025-12-25T22:06:11.412+01:00  INFO 28872 --- [o-auto-1-exec-1] c.c.doctortracker.service.AuthService    : Login successful! Token generated.
2025-12-25T22:06:11.412+01:00  INFO 28872 --- [o-auto-1-exec-1] c.c.d.controller.AuthController          : === LOGIN SUCCESS ===
]]></system-out>
  </testcase>
  <testcase name="testDeleteClinic" classname="com.clinalert.doctortracker.integration.ClinicManagementIntegrationTest" time="0.154">
    <system-out><![CDATA[2025-12-25T22:06:12.186+01:00 DEBUG 28872 --- [o-auto-1-exec-2] o.s.security.web.FilterChainProxy        : Securing POST /api/auth/login
2025-12-25T22:06:12.187+01:00 DEBUG 28872 --- [o-auto-1-exec-2] o.s.s.w.a.AnonymousAuthenticationFilter  : Set SecurityContextHolder to anonymous SecurityContext
2025-12-25T22:06:12.187+01:00 DEBUG 28872 --- [o-auto-1-exec-2] o.s.security.web.FilterChainProxy        : Secured POST /api/auth/login
2025-12-25T22:06:12.189+01:00  INFO 28872 --- [o-auto-1-exec-2] c.c.d.controller.AuthController          : === CONTROLLER: LOGIN ENDPOINT HIT ===
2025-12-25T22:06:12.189+01:00  INFO 28872 --- [o-auto-1-exec-2] c.c.d.controller.AuthController          : Request email: house@clinalert.com
2025-12-25T22:06:12.189+01:00  INFO 28872 --- [o-auto-1-exec-2] c.c.doctortracker.service.AuthService    : === LOGIN ATTEMPT ===
2025-12-25T22:06:12.189+01:00  INFO 28872 --- [o-auto-1-exec-2] c.c.doctortracker.service.AuthService    : Email: house@clinalert.com
2025-12-25T22:06:12.189+01:00 DEBUG 28872 --- [o-auto-1-exec-2] c.c.doctortracker.service.AuthService    : Password received: [PROTECTED]
2025-12-25T22:06:12.190+01:00 DEBUG 28872 --- [o-auto-1-exec-2] org.hibernate.SQL                        : 
    select
        u1_0.id,
        u1_0.created_at,
        u1_0.email,
        u1_0.enabled,
        u1_0.first_name,
        u1_0.last_name,
        u1_0.password,
        u1_0.phone,
        u1_0.role,
        u1_0.updated_at 
    from
        users u1_0 
    where
        u1_0.email=?
Hibernate: 
    select
        u1_0.id,
        u1_0.created_at,
        u1_0.email,
        u1_0.enabled,
        u1_0.first_name,
        u1_0.last_name,
        u1_0.password,
        u1_0.phone,
        u1_0.role,
        u1_0.updated_at 
    from
        users u1_0 
    where
        u1_0.email=?
2025-12-25T22:06:12.191+01:00  INFO 28872 --- [o-auto-1-exec-2] c.c.doctortracker.service.AuthService    : User found! ID: ffa9b1c7-a3b1-4423-9ab7-99c40dd77faf
2025-12-25T22:06:12.243+01:00  INFO 28872 --- [o-auto-1-exec-2] c.c.doctortracker.service.AuthService    : Password matches: true
2025-12-25T22:06:12.245+01:00 DEBUG 28872 --- [o-auto-1-exec-2] org.hibernate.SQL                        : 
    select
        u1_0.id,
        u1_0.created_at,
        u1_0.email,
        u1_0.enabled,
        u1_0.first_name,
        u1_0.last_name,
        u1_0.password,
        u1_0.phone,
        u1_0.role,
        u1_0.updated_at 
    from
        users u1_0 
    where
        u1_0.email=?
Hibernate: 
    select
        u1_0.id,
        u1_0.created_at,
        u1_0.email,
        u1_0.enabled,
        u1_0.first_name,
        u1_0.last_name,
        u1_0.password,
        u1_0.phone,
        u1_0.role,
        u1_0.updated_at 
    from
        users u1_0 
    where
        u1_0.email=?
2025-12-25T22:06:12.302+01:00 DEBUG 28872 --- [o-auto-1-exec-2] o.s.s.a.dao.DaoAuthenticationProvider    : Authenticated user
2025-12-25T22:06:12.303+01:00 DEBUG 28872 --- [o-auto-1-exec-2] org.hibernate.SQL                        : 
    select
        u1_0.id,
        u1_0.created_at,
        u1_0.email,
        u1_0.enabled,
        u1_0.first_name,
        u1_0.last_name,
        u1_0.password,
        u1_0.phone,
        u1_0.role,
        u1_0.updated_at 
    from
        users u1_0 
    where
        u1_0.email=?
Hibernate: 
    select
        u1_0.id,
        u1_0.created_at,
        u1_0.email,
        u1_0.enabled,
        u1_0.first_name,
        u1_0.last_name,
        u1_0.password,
        u1_0.phone,
        u1_0.role,
        u1_0.updated_at 
    from
        users u1_0 
    where
        u1_0.email=?
2025-12-25T22:06:12.305+01:00  INFO 28872 --- [o-auto-1-exec-2] c.c.doctortracker.service.AuthService    : Login successful! Token generated.
2025-12-25T22:06:12.305+01:00  INFO 28872 --- [o-auto-1-exec-2] c.c.d.controller.AuthController          : === LOGIN SUCCESS ===
]]></system-out>
  </testcase>
  <testcase name="testReadClinicsList" classname="com.clinalert.doctortracker.integration.ClinicManagementIntegrationTest" time="0.244">
    <system-out><![CDATA[2025-12-25T22:06:12.333+01:00 DEBUG 28872 --- [o-auto-1-exec-3] o.s.security.web.FilterChainProxy        : Securing POST /api/auth/login
2025-12-25T22:06:12.333+01:00 DEBUG 28872 --- [o-auto-1-exec-3] o.s.s.w.a.AnonymousAuthenticationFilter  : Set SecurityContextHolder to anonymous SecurityContext
2025-12-25T22:06:12.334+01:00 DEBUG 28872 --- [o-auto-1-exec-3] o.s.security.web.FilterChainProxy        : Secured POST /api/auth/login
2025-12-25T22:06:12.335+01:00  INFO 28872 --- [o-auto-1-exec-3] c.c.d.controller.AuthController          : === CONTROLLER: LOGIN ENDPOINT HIT ===
2025-12-25T22:06:12.335+01:00  INFO 28872 --- [o-auto-1-exec-3] c.c.d.controller.AuthController          : Request email: house@clinalert.com
2025-12-25T22:06:12.335+01:00  INFO 28872 --- [o-auto-1-exec-3] c.c.doctortracker.service.AuthService    : === LOGIN ATTEMPT ===
2025-12-25T22:06:12.335+01:00  INFO 28872 --- [o-auto-1-exec-3] c.c.doctortracker.service.AuthService    : Email: house@clinalert.com
2025-12-25T22:06:12.335+01:00 DEBUG 28872 --- [o-auto-1-exec-3] c.c.doctortracker.service.AuthService    : Password received: [PROTECTED]
2025-12-25T22:06:12.337+01:00 DEBUG 28872 --- [o-auto-1-exec-3] org.hibernate.SQL                        : 
    select
        u1_0.id,
        u1_0.created_at,
        u1_0.email,
        u1_0.enabled,
        u1_0.first_name,
        u1_0.last_name,
        u1_0.password,
        u1_0.phone,
        u1_0.role,
        u1_0.updated_at 
    from
        users u1_0 
    where
        u1_0.email=?
Hibernate: 
    select
        u1_0.id,
        u1_0.created_at,
        u1_0.email,
        u1_0.enabled,
        u1_0.first_name,
        u1_0.last_name,
        u1_0.password,
        u1_0.phone,
        u1_0.role,
        u1_0.updated_at 
    from
        users u1_0 
    where
        u1_0.email=?
2025-12-25T22:06:12.337+01:00  INFO 28872 --- [o-auto-1-exec-3] c.c.doctortracker.service.AuthService    : User found! ID: ffa9b1c7-a3b1-4423-9ab7-99c40dd77faf
2025-12-25T22:06:12.390+01:00  INFO 28872 --- [o-auto-1-exec-3] c.c.doctortracker.service.AuthService    : Password matches: true
2025-12-25T22:06:12.392+01:00 DEBUG 28872 --- [o-auto-1-exec-3] org.hibernate.SQL                        : 
    select
        u1_0.id,
        u1_0.created_at,
        u1_0.email,
        u1_0.enabled,
        u1_0.first_name,
        u1_0.last_name,
        u1_0.password,
        u1_0.phone,
        u1_0.role,
        u1_0.updated_at 
    from
        users u1_0 
    where
        u1_0.email=?
Hibernate: 
    select
        u1_0.id,
        u1_0.created_at,
        u1_0.email,
        u1_0.enabled,
        u1_0.first_name,
        u1_0.last_name,
        u1_0.password,
        u1_0.phone,
        u1_0.role,
        u1_0.updated_at 
    from
        users u1_0 
    where
        u1_0.email=?
2025-12-25T22:06:12.445+01:00 DEBUG 28872 --- [o-auto-1-exec-3] o.s.s.a.dao.DaoAuthenticationProvider    : Authenticated user
2025-12-25T22:06:12.447+01:00 DEBUG 28872 --- [o-auto-1-exec-3] org.hibernate.SQL                        : 
    select
        u1_0.id,
        u1_0.created_at,
        u1_0.email,
        u1_0.enabled,
        u1_0.first_name,
        u1_0.last_name,
        u1_0.password,
        u1_0.phone,
        u1_0.role,
        u1_0.updated_at 
    from
        users u1_0 
    where
        u1_0.email=?
Hibernate: 
    select
        u1_0.id,
        u1_0.created_at,
        u1_0.email,
        u1_0.enabled,
        u1_0.first_name,
        u1_0.last_name,
        u1_0.password,
        u1_0.phone,
        u1_0.role,
        u1_0.updated_at 
    from
        users u1_0 
    where
        u1_0.email=?
2025-12-25T22:06:12.449+01:00  INFO 28872 --- [o-auto-1-exec-3] c.c.doctortracker.service.AuthService    : Login successful! Token generated.
2025-12-25T22:06:12.449+01:00  INFO 28872 --- [o-auto-1-exec-3] c.c.d.controller.AuthController          : === LOGIN SUCCESS ===
2025-12-25T22:06:12.476+01:00 DEBUG 28872 --- [o-auto-1-exec-4] o.s.security.web.FilterChainProxy        : Securing GET /api/clinics
2025-12-25T22:06:12.496+01:00 DEBUG 28872 --- [o-auto-1-exec-4] org.hibernate.SQL                        : 
    select
        u1_0.id,
        u1_0.created_at,
        u1_0.email,
        u1_0.enabled,
        u1_0.first_name,
        u1_0.last_name,
        u1_0.password,
        u1_0.phone,
        u1_0.role,
        u1_0.updated_at 
    from
        users u1_0 
    where
        u1_0.email=?
Hibernate: 
    select
        u1_0.id,
        u1_0.created_at,
        u1_0.email,
        u1_0.enabled,
        u1_0.first_name,
        u1_0.last_name,
        u1_0.password,
        u1_0.phone,
        u1_0.role,
        u1_0.updated_at 
    from
        users u1_0 
    where
        u1_0.email=?
2025-12-25T22:06:12.498+01:00 DEBUG 28872 --- [o-auto-1-exec-4] o.s.security.web.FilterChainProxy        : Secured GET /api/clinics
2025-12-25T22:06:12.504+01:00 DEBUG 28872 --- [o-auto-1-exec-4] org.hibernate.SQL                        : 
    select
        c1_0.id,
        c1_0.address,
        c1_0.doctor_id,
        c1_0.name,
        c1_0.phone 
    from
        clinics c1_0
Hibernate: 
    select
        c1_0.id,
        c1_0.address,
        c1_0.doctor_id,
        c1_0.name,
        c1_0.phone 
    from
        clinics c1_0
]]></system-out>
  </testcase>
  <testcase name="testCreateClinic" classname="com.clinalert.doctortracker.integration.ClinicManagementIntegrationTest" time="0.206">
    <system-out><![CDATA[2025-12-25T22:06:12.578+01:00 DEBUG 28872 --- [o-auto-1-exec-5] o.s.security.web.FilterChainProxy        : Securing POST /api/auth/login
2025-12-25T22:06:12.578+01:00 DEBUG 28872 --- [o-auto-1-exec-5] o.s.s.w.a.AnonymousAuthenticationFilter  : Set SecurityContextHolder to anonymous SecurityContext
2025-12-25T22:06:12.579+01:00 DEBUG 28872 --- [o-auto-1-exec-5] o.s.security.web.FilterChainProxy        : Secured POST /api/auth/login
2025-12-25T22:06:12.580+01:00  INFO 28872 --- [o-auto-1-exec-5] c.c.d.controller.AuthController          : === CONTROLLER: LOGIN ENDPOINT HIT ===
2025-12-25T22:06:12.580+01:00  INFO 28872 --- [o-auto-1-exec-5] c.c.d.controller.AuthController          : Request email: house@clinalert.com
2025-12-25T22:06:12.580+01:00  INFO 28872 --- [o-auto-1-exec-5] c.c.doctortracker.service.AuthService    : === LOGIN ATTEMPT ===
2025-12-25T22:06:12.580+01:00  INFO 28872 --- [o-auto-1-exec-5] c.c.doctortracker.service.AuthService    : Email: house@clinalert.com
2025-12-25T22:06:12.580+01:00 DEBUG 28872 --- [o-auto-1-exec-5] c.c.doctortracker.service.AuthService    : Password received: [PROTECTED]
2025-12-25T22:06:12.582+01:00 DEBUG 28872 --- [o-auto-1-exec-5] org.hibernate.SQL                        : 
    select
        u1_0.id,
        u1_0.created_at,
        u1_0.email,
        u1_0.enabled,
        u1_0.first_name,
        u1_0.last_name,
        u1_0.password,
        u1_0.phone,
        u1_0.role,
        u1_0.updated_at 
    from
        users u1_0 
    where
        u1_0.email=?
Hibernate: 
    select
        u1_0.id,
        u1_0.created_at,
        u1_0.email,
        u1_0.enabled,
        u1_0.first_name,
        u1_0.last_name,
        u1_0.password,
        u1_0.phone,
        u1_0.role,
        u1_0.updated_at 
    from
        users u1_0 
    where
        u1_0.email=?
2025-12-25T22:06:12.583+01:00  INFO 28872 --- [o-auto-1-exec-5] c.c.doctortracker.service.AuthService    : User found! ID: ffa9b1c7-a3b1-4423-9ab7-99c40dd77faf
2025-12-25T22:06:12.635+01:00  INFO 28872 --- [o-auto-1-exec-5] c.c.doctortracker.service.AuthService    : Password matches: true
2025-12-25T22:06:12.637+01:00 DEBUG 28872 --- [o-auto-1-exec-5] org.hibernate.SQL                        : 
    select
        u1_0.id,
        u1_0.created_at,
        u1_0.email,
        u1_0.enabled,
        u1_0.first_name,
        u1_0.last_name,
        u1_0.password,
        u1_0.phone,
        u1_0.role,
        u1_0.updated_at 
    from
        users u1_0 
    where
        u1_0.email=?
Hibernate: 
    select
        u1_0.id,
        u1_0.created_at,
        u1_0.email,
        u1_0.enabled,
        u1_0.first_name,
        u1_0.last_name,
        u1_0.password,
        u1_0.phone,
        u1_0.role,
        u1_0.updated_at 
    from
        users u1_0 
    where
        u1_0.email=?
2025-12-25T22:06:12.692+01:00 DEBUG 28872 --- [o-auto-1-exec-5] o.s.s.a.dao.DaoAuthenticationProvider    : Authenticated user
2025-12-25T22:06:12.695+01:00 DEBUG 28872 --- [o-auto-1-exec-5] org.hibernate.SQL                        : 
    select
        u1_0.id,
        u1_0.created_at,
        u1_0.email,
        u1_0.enabled,
        u1_0.first_name,
        u1_0.last_name,
        u1_0.password,
        u1_0.phone,
        u1_0.role,
        u1_0.updated_at 
    from
        users u1_0 
    where
        u1_0.email=?
Hibernate: 
    select
        u1_0.id,
        u1_0.created_at,
        u1_0.email,
        u1_0.enabled,
        u1_0.first_name,
        u1_0.last_name,
        u1_0.password,
        u1_0.phone,
        u1_0.role,
        u1_0.updated_at 
    from
        users u1_0 
    where
        u1_0.email=?
2025-12-25T22:06:12.697+01:00  INFO 28872 --- [o-auto-1-exec-5] c.c.doctortracker.service.AuthService    : Login successful! Token generated.
2025-12-25T22:06:12.697+01:00  INFO 28872 --- [o-auto-1-exec-5] c.c.d.controller.AuthController          : === LOGIN SUCCESS ===
2025-12-25T22:06:12.719+01:00 DEBUG 28872 --- [o-auto-1-exec-6] o.s.security.web.FilterChainProxy        : Securing POST /api/clinics
2025-12-25T22:06:12.723+01:00 DEBUG 28872 --- [o-auto-1-exec-6] org.hibernate.SQL                        : 
    select
        u1_0.id,
        u1_0.created_at,
        u1_0.email,
        u1_0.enabled,
        u1_0.first_name,
        u1_0.last_name,
        u1_0.password,
        u1_0.phone,
        u1_0.role,
        u1_0.updated_at 
    from
        users u1_0 
    where
        u1_0.email=?
Hibernate: 
    select
        u1_0.id,
        u1_0.created_at,
        u1_0.email,
        u1_0.enabled,
        u1_0.first_name,
        u1_0.last_name,
        u1_0.password,
        u1_0.phone,
        u1_0.role,
        u1_0.updated_at 
    from
        users u1_0 
    where
        u1_0.email=?
2025-12-25T22:06:12.725+01:00 DEBUG 28872 --- [o-auto-1-exec-6] o.s.security.web.FilterChainProxy        : Secured POST /api/clinics
2025-12-25T22:06:12.729+01:00 DEBUG 28872 --- [o-auto-1-exec-6] org.hibernate.SQL                        : 
    insert 
    into
        clinics
        (address, doctor_id, name, phone, id) 
    values
        (?, ?, ?, ?, ?)
Hibernate: 
    insert 
    into
        clinics
        (address, doctor_id, name, phone, id) 
    values
        (?, ?, ?, ?, ?)
]]></system-out>
  </testcase>
</testsuite>