<?xml version="1.0" encoding="UTF-8"?>
<testsuite xmlns:xsi="http://www.w3.org/2001/XMLSchema-instance" xsi:noNamespaceSchemaLocation="https://maven.apache.org/surefire/maven-surefire-plugin/xsd/surefire-test-report-3.0.xsd" version="3.0" name="com.clinalert.doctortracker.service.ClinicServiceTest" time="0.109" tests="10" errors="0" skipped="0" failures="0">
  <properties>
[...]
</properties>
  <testcase name="getAllClinics_ShouldReturnAll" classname="com.clinalert.doctortracker.service.ClinicServiceTest" time="0.093"/>
  <testcase name="createClinic_ShouldSave" classname="com.clinalert.doctortracker.service.ClinicServiceTest" time="0.002"/>
  <testcase name="updateClinic_NotFound_ShouldThrow" classname="com.clinalert.doctortracker.service.ClinicServiceTest" time="0.004"/>
  <testcase name="updateClinic_WhenExists_ShouldUpdate" classname="com.clinalert.doctortracker.service.ClinicServiceTest" time="0.001"/>
  <testcase name="getAllClinics_WhenEmpty_ShouldReturnEmpty" classname="com.clinalert.doctortracker.service.ClinicServiceTest" time="0.001"/>
  <testcase name="getClinicsByDoctorId_WhenNone_ShouldReturnEmpty" classname="com.clinalert.doctortracker.service.ClinicServiceTest" time="0.001"/>
  <testcase name="getClinicsByDoctorId_ShouldReturnDoctorClinics" classname="com.clinalert.doctortracker.service.ClinicServiceTest" time="0.001"/>
  <testcase name="getClinicById_NotFound_ShouldReturnEmpty" classname="com.clinalert.doctortracker.service.ClinicServiceTest" time="0.001"/>
  <testcase name="getClinicById_WhenExists_ShouldReturn" classname="com.clinalert.doctortracker.service.ClinicServiceTest" time="0.001"/>
  <testcase name="deleteClinic_ShouldCallDelete" classname="com.clinalert.doctortracker.service.ClinicServiceTest" time="0.001"/>
</testsuite>